\BOOKMARK [0][-]{chapter.1}{Introduction}{}% 1
\BOOKMARK [1][-]{section.1.1}{Context of the thesis}{chapter.1}% 2
\BOOKMARK [1][-]{section.1.2}{Lateral dynamics of railway bridge}{chapter.1}% 3
\BOOKMARK [1][-]{section.1.3}{Objectives and research question}{chapter.1}% 4
\BOOKMARK [1][-]{section.1.4}{Main steps}{chapter.1}% 5
\BOOKMARK [1][-]{section.1.5}{Outline of the report}{chapter.1}% 6
\BOOKMARK [0][-]{chapter.2}{Theoretical background for lateral railway bridge dynamics}{}% 7
\BOOKMARK [1][-]{section.2.1}{Wheel-rail interface}{chapter.2}% 8
\BOOKMARK [1][-]{section.2.2}{Lateral Track Irregularities}{chapter.2}% 9
\BOOKMARK [1][-]{section.2.3}{Lateral movement of wheelsets}{chapter.2}% 10
\BOOKMARK [1][-]{section.2.4}{Bridge natural frequency}{chapter.2}% 11
\BOOKMARK [1][-]{section.2.5}{Lateral vehicle-bridge resonance}{chapter.2}% 12
\BOOKMARK [0][-]{chapter.3}{Analysis of Eurocode criteria}{}% 13
\BOOKMARK [1][-]{section.3.1}{Criterion based on bridge natural frequency}{chapter.3}% 14
\BOOKMARK [1][-]{section.3.2}{Criterion based on vehicle-induced lateral force}{chapter.3}% 15
\BOOKMARK [1][-]{section.3.3}{Conclusion}{chapter.3}% 16
\BOOKMARK [0][-]{chapter.4}{Methods for lateral dynamics assessment}{}% 17
\BOOKMARK [1][-]{section.4.1}{Numerical methods}{chapter.4}% 18
\BOOKMARK [0][-]{chapter.5}{Simplified model for assessing lateral railway bridge resonance behavior}{}% 19
\BOOKMARK [1][-]{section.5.1}{Assumptions}{chapter.5}% 20
\BOOKMARK [1][-]{section.5.2}{Equation of motion}{chapter.5}% 21
\BOOKMARK [1][-]{section.5.3}{The explicit solution}{chapter.5}% 22
\BOOKMARK [1][-]{section.5.4}{Mathematical validation of derived expressions}{chapter.5}% 23
\BOOKMARK [1][-]{section.5.5}{Parameter calculation}{chapter.5}% 24
\BOOKMARK [2][-]{subsection.5.5.1}{Peak lateral force model}{section.5.5}% 25
\BOOKMARK [2][-]{subsection.5.5.2}{Hypothesis expression for amplitude Q}{section.5.5}% 26
\BOOKMARK [1][-]{section.5.6}{Benchmark for the model}{chapter.5}% 27
\BOOKMARK [1][-]{section.5.7}{Supplementary parameter calculation and benchmark}{chapter.5}% 28
\BOOKMARK [1][-]{section.5.8}{Evaluation on the model}{chapter.5}% 29
\BOOKMARK [0][-]{chapter.6}{Practical usage of simplified model}{}% 30
\BOOKMARK [1][-]{section.6.1}{Case study}{chapter.6}% 31
\BOOKMARK [1][-]{section.6.2}{Conclusion}{chapter.6}% 32
\BOOKMARK [0][-]{chapter.7}{Conclusion}{}% 33
\BOOKMARK [0][-]{chapter.8}{Recommendations for future researches}{}% 34
\BOOKMARK [1][-]{section.8.1}{Recommendations on numerical simulations}{chapter.8}% 35
\BOOKMARK [0][-]{section*.56}{Appendices}{}% 36
\BOOKMARK [0][-]{Appendix.1.A}{Literature Review of regulations regarding lateral railway bridge dynamics in 1991-2}{}% 37
\BOOKMARK [1][-]{section.1.A.1}{Factors influencing dynamic behaviour}{Appendix.1.A}% 38
\BOOKMARK [1][-]{section.1.A.2}{Requirements for railway bridge verification}{Appendix.1.A}% 39
\BOOKMARK [1][-]{section.1.A.3}{Horizontal transverse dynamic effects}{Appendix.1.A}% 40
\BOOKMARK [2][-]{subsection.1.A.3.1}{Nosing force}{section.1.A.3}% 41
\BOOKMARK [2][-]{subsection.1.A.3.2}{Verification of the Limit States}{section.1.A.3}% 42
\BOOKMARK [2][-]{subsection.1.A.3.3}{Serviceability limit states - traffic safety}{section.1.A.3}% 43
\BOOKMARK [3][-]{subsubsection.1.A.3.3.1}{Transverse deformations and vibrations}{subsection.1.A.3.3}% 44
\BOOKMARK [1][-]{section.1.A.4}{Conclusion}{Appendix.1.A}% 45
\BOOKMARK [0][-]{Appendix.1.B}{General information of report series D181 and its selected documents}{}% 46
\BOOKMARK [1][-]{section.1.B.1}{Structure of report series}{Appendix.1.B}% 47
\BOOKMARK [1][-]{section.1.B.2}{Modelling of Parametric Research DT329}{Appendix.1.B}% 48
\BOOKMARK [2][-]{subsection.1.B.2.1}{Model of bridge}{section.1.B.2}% 49
\BOOKMARK [2][-]{subsection.1.B.2.2}{Bridge parameters}{section.1.B.2}% 50
\BOOKMARK [2][-]{subsection.1.B.2.3}{Vehicle parameters}{section.1.B.2}% 51
\BOOKMARK [2][-]{subsection.1.B.2.4}{Track}{section.1.B.2}% 52
\BOOKMARK [2][-]{subsection.1.B.2.5}{Contact data}{section.1.B.2}% 53
\BOOKMARK [2][-]{subsection.1.B.2.6}{Data produced}{section.1.B.2}% 54
\BOOKMARK [0][-]{Appendix.1.C}{Plots and diagrams used in D181 DT 329}{}% 55
\BOOKMARK [0][-]{Appendix.1.D}{Speeds which do not require dynamic compatibility checks}{}% 56
\BOOKMARK [0][-]{Appendix.1.E}{MU-Groups and MU-Classes}{}% 57
\BOOKMARK [1][-]{section.1.E.1}{Definition}{Appendix.1.E}% 58
\BOOKMARK [2][-]{subsection.1.E.1.1}{Train parameters of MU-Class CB\1371}{section.1.E.1}% 59
\BOOKMARK [2][-]{subsection.1.E.1.2}{Train parameters of MU-Class CB\1372}{section.1.E.1}% 60
\BOOKMARK [2][-]{subsection.1.E.1.3}{Train parameters of MU-Class AB\1371}{section.1.E.1}% 61
\BOOKMARK [2][-]{subsection.1.E.1.4}{Train parameters of MU-Class AB\1372}{section.1.E.1}% 62
\BOOKMARK [2][-]{subsection.1.E.1.5}{Train parameters of MU-Class AB\1373}{section.1.E.1}% 63
\BOOKMARK [2][-]{subsection.1.E.1.6}{Train parameters of MU-Class AB\1374}{section.1.E.1}% 64
\BOOKMARK [2][-]{subsection.1.E.1.7}{Train parameters of MU-Class SA\1371}{section.1.E.1}% 65
\BOOKMARK [2][-]{subsection.1.E.1.8}{Train parameters of MU-Class SA\1372}{section.1.E.1}% 66
\BOOKMARK [0][-]{Appendix.1.F}{Regression commands for R console}{}% 67
\BOOKMARK [0][-]{Appendix.1.G}{Matlab scripts}{}% 68
\BOOKMARK [1][-]{section.1.G.1}{fog.m}{Appendix.1.G}% 69
\BOOKMARK [1][-]{section.1.G.2}{Speedenvelop.m}{Appendix.1.G}% 70
\BOOKMARK [0][-]{Appendix.1.H}{Train vehicles}{}% 71
\BOOKMARK [1][-]{section.1.H.1}{Locomotives}{Appendix.1.H}% 72
\BOOKMARK [2][-]{subsection.1.H.1.1}{4-axle locomotives}{section.1.H.1}% 73
\BOOKMARK [2][-]{subsection.1.H.1.2}{6-axle locomotives}{section.1.H.1}% 74
\BOOKMARK [1][-]{section.1.H.2}{Trains in Netherlands}{Appendix.1.H}% 75
