This is pdfTeX, Version 3.14159265-2.6-1.40.15 (TeX Live 2014) (preloaded format=pdflatex 2014.11.9)  26 FEB 2015 03:21
entering extended mode
 restricted \write18 enabled.
 %&-line parsing enabled.
**main.tex -recorder
(./main.tex
LaTeX2e <2014/05/01>
Babel <3.9k> and hyphenation patterns for 78 languages loaded.
(/usr/local/texlive/2014/texmf-dist/tex/latex/base/report.cls
Document Class: report 2007/10/19 v1.4h Standard LaTeX document class
(/usr/local/texlive/2014/texmf-dist/tex/latex/base/size10.clo
File: size10.clo 2007/10/19 v1.4h Standard LaTeX file (size option)
)
\c@part=\count79
\c@chapter=\count80
\c@section=\count81
\c@subsection=\count82
\c@subsubsection=\count83
\c@paragraph=\count84
\c@subparagraph=\count85
\c@figure=\count86
\c@table=\count87
\abovecaptionskip=\skip41
\belowcaptionskip=\skip42
\bibindent=\dimen102
)
(/usr/local/texlive/2014/texmf-dist/tex/latex/amsmath/amsmath.sty
Package: amsmath 2013/01/14 v2.14 AMS math features
\@mathmargin=\skip43

For additional information on amsmath, use the `?' option.
(/usr/local/texlive/2014/texmf-dist/tex/latex/amsmath/amstext.sty
Package: amstext 2000/06/29 v2.01

(/usr/local/texlive/2014/texmf-dist/tex/latex/amsmath/amsgen.sty
File: amsgen.sty 1999/11/30 v2.0
\@emptytoks=\toks14
\ex@=\dimen103
))
(/usr/local/texlive/2014/texmf-dist/tex/latex/amsmath/amsbsy.sty
Package: amsbsy 1999/11/29 v1.2d
\pmbraise@=\dimen104
)
(/usr/local/texlive/2014/texmf-dist/tex/latex/amsmath/amsopn.sty
Package: amsopn 1999/12/14 v2.01 operator names
)
\inf@bad=\count88
LaTeX Info: Redefining \frac on input line 210.
\uproot@=\count89
\leftroot@=\count90
LaTeX Info: Redefining \overline on input line 306.
\classnum@=\count91
\DOTSCASE@=\count92
LaTeX Info: Redefining \ldots on input line 378.
LaTeX Info: Redefining \dots on input line 381.
LaTeX Info: Redefining \cdots on input line 466.
\Mathstrutbox@=\box26
\strutbox@=\box27
\big@size=\dimen105
LaTeX Font Info:    Redeclaring font encoding OML on input line 566.
LaTeX Font Info:    Redeclaring font encoding OMS on input line 567.
\macc@depth=\count93
\c@MaxMatrixCols=\count94
\dotsspace@=\muskip10
\c@parentequation=\count95
\dspbrk@lvl=\count96
\tag@help=\toks15
\row@=\count97
\column@=\count98
\maxfields@=\count99
\andhelp@=\toks16
\eqnshift@=\dimen106
\alignsep@=\dimen107
\tagshift@=\dimen108
\tagwidth@=\dimen109
\totwidth@=\dimen110
\lineht@=\dimen111
\@envbody=\toks17
\multlinegap=\skip44
\multlinetaggap=\skip45
\mathdisplay@stack=\toks18
LaTeX Info: Redefining \[ on input line 2665.
LaTeX Info: Redefining \] on input line 2666.
)
(/usr/local/texlive/2014/texmf-dist/tex/latex/l3packages/xfrac/xfrac.sty
(/usr/local/texlive/2014/texmf-dist/tex/latex/graphics/graphicx.sty
Package: graphicx 2014/04/25 v1.0g Enhanced LaTeX Graphics (DPC,SPQR)

(/usr/local/texlive/2014/texmf-dist/tex/latex/graphics/keyval.sty
Package: keyval 2014/05/08 v1.15 key=value parser (DPC)
\KV@toks@=\toks19
)
(/usr/local/texlive/2014/texmf-dist/tex/latex/graphics/graphics.sty
Package: graphics 2009/02/05 v1.0o Standard LaTeX Graphics (DPC,SPQR)

(/usr/local/texlive/2014/texmf-dist/tex/latex/graphics/trig.sty
Package: trig 1999/03/16 v1.09 sin cos tan (DPC)
)
(/usr/local/texlive/2014/texmf-dist/tex/latex/latexconfig/graphics.cfg
File: graphics.cfg 2010/04/23 v1.9 graphics configuration of TeX Live
)
Package graphics Info: Driver file: pdftex.def on input line 91.

(/usr/local/texlive/2014/texmf-dist/tex/latex/pdftex-def/pdftex.def
File: pdftex.def 2011/05/27 v0.06d Graphics/color for pdfTeX

(/usr/local/texlive/2014/texmf-dist/tex/generic/oberdiek/infwarerr.sty
Package: infwarerr 2010/04/08 v1.3 Providing info/warning/error messages (HO)
)
(/usr/local/texlive/2014/texmf-dist/tex/generic/oberdiek/ltxcmds.sty
Package: ltxcmds 2011/11/09 v1.22 LaTeX kernel commands for general use (HO)
)
\Gread@gobject=\count100
))
\Gin@req@height=\dimen112
\Gin@req@width=\dimen113
)
(/usr/local/texlive/2014/texmf-dist/tex/latex/l3packages/l3keys2e/l3keys2e.sty
(/usr/local/texlive/2014/texmf-dist/tex/latex/l3kernel/expl3.sty
Package: expl3 2014/05/20 v4814 L3 programming layer (loader) 

(/usr/local/texlive/2014/texmf-dist/tex/generic/oberdiek/ifpdf.sty
Package: ifpdf 2011/01/30 v2.3 Provides the ifpdf switch (HO)
Package ifpdf Info: pdfTeX in PDF mode is detected.
)
(/usr/local/texlive/2014/texmf-dist/tex/latex/l3kernel/expl3-code.tex
Package: expl3 2014/05/20 v4814 L3 programming layer (code) 
L3 Module: l3bootstrap 2014/05/16 v4782 L3 Bootstrap code

(/usr/local/texlive/2014/texmf-dist/tex/latex/etex-pkg/etex.sty
Package: etex 1998/03/26 v2.0 eTeX basic definition package (PEB)
\et@xins=\count101
)
L3 Module: l3names 2014/05/04 v4728 L3 Namespace for primitives
L3 Module: l3basics 2014/05/04 v4728 L3 Basic definitions
L3 Module: l3expan 2014/04/30 v4712 L3 Argument expansion
L3 Module: l3tl 2014/05/04 v4728 L3 Token lists
L3 Module: l3seq 2014/04/30 v4712 L3 Sequences and stacks
L3 Module: l3int 2014/05/16 v4776 L3 Integers
\c_max_int=\count102
\l_tmpa_int=\count103
\l_tmpb_int=\count104
\g_tmpa_int=\count105
\g_tmpb_int=\count106
L3 Module: l3quark 2014/05/04 v4728 L3 Quarks
L3 Module: l3prg 2014/05/04 v4728 L3 Control structures
\g__prg_map_int=\count107
L3 Module: l3clist 2014/05/04 v4728 L3 Comma separated lists
L3 Module: l3token 2014/05/04 v4728 L3 Experimental token manipulation
L3 Module: l3prop 2014/04/30 v4712 L3 Property lists
L3 Module: l3msg 2014/05/04 v4728 L3 Messages
L3 Module: l3file 2014/05/05 v4737 L3 File and I/O operations
\l_iow_line_count_int=\count108
\l__iow_target_count_int=\count109
\l__iow_current_line_int=\count110
\l__iow_current_word_int=\count111
\l__iow_current_indentation_int=\count112
L3 Module: l3skip 2014/05/05 v4738 L3 Dimensions and skips
\c_zero_dim=\dimen114
\c_max_dim=\dimen115
\l_tmpa_dim=\dimen116
\l_tmpb_dim=\dimen117
\g_tmpa_dim=\dimen118
\g_tmpb_dim=\dimen119
\c_zero_skip=\skip46
\c_max_skip=\skip47
\l_tmpa_skip=\skip48
\l_tmpb_skip=\skip49
\g_tmpa_skip=\skip50
\g_tmpb_skip=\skip51
\c_zero_muskip=\muskip11
\c_max_muskip=\muskip12
\l_tmpa_muskip=\muskip13
\l_tmpb_muskip=\muskip14
\g_tmpa_muskip=\muskip15
\g_tmpb_muskip=\muskip16
L3 Module: l3keys 2014/05/08 v4753 L3 Key-value interfaces
\g__keyval_level_int=\count113
\l_keys_choice_int=\count114
L3 Module: l3fp 2014/04/30 v4712 L3 Floating points
\c__fp_leading_shift_int=\count115
\c__fp_middle_shift_int=\count116
\c__fp_trailing_shift_int=\count117
\c__fp_big_leading_shift_int=\count118
\c__fp_big_middle_shift_int=\count119
\c__fp_big_trailing_shift_int=\count120
\c__fp_Bigg_leading_shift_int=\count121
\c__fp_Bigg_middle_shift_int=\count122
\c__fp_Bigg_trailing_shift_int=\count123
L3 Module: l3box 2014/05/04 v4728 L3 Experimental boxes
\c_empty_box=\box28
\l_tmpa_box=\box29
\l_tmpb_box=\box30
\g_tmpa_box=\box31
\g_tmpb_box=\box32
L3 Module: l3coffins 2014/05/04 v4728 L3 Coffin code layer
\l__coffin_internal_box=\box33
\l__coffin_internal_dim=\dimen120
\l__coffin_offset_x_dim=\dimen121
\l__coffin_offset_y_dim=\dimen122
\l__coffin_x_dim=\dimen123
\l__coffin_y_dim=\dimen124
\l__coffin_x_prime_dim=\dimen125
\l__coffin_y_prime_dim=\dimen126
\c_empty_coffin=\box34
\l__coffin_aligned_coffin=\box35
\l__coffin_aligned_internal_coffin=\box36
\l_tmpa_coffin=\box37
\l_tmpb_coffin=\box38
\l__coffin_display_coffin=\box39
\l__coffin_display_coord_coffin=\box40
\l__coffin_display_pole_coffin=\box41
\l__coffin_display_offset_dim=\dimen127
\l__coffin_display_x_dim=\dimen128
\l__coffin_display_y_dim=\dimen129
L3 Module: l3color 2014/04/30 v4712 L3 Experimental color support
L3 Module: l3luatex 2014/04/30 v4712 L3 Experimental LuaTeX-specific functions
\g__cctab_allocate_int=\count124
\g__cctab_stack_int=\count125
L3 Module: l3candidates 2014/05/04 v4734 L3 Experimental additions to l3kernel
\l__box_top_dim=\dimen130
\l__box_bottom_dim=\dimen131
\l__box_left_dim=\dimen132
\l__box_right_dim=\dimen133
\l__box_top_new_dim=\dimen134
\l__box_bottom_new_dim=\dimen135
\l__box_left_new_dim=\dimen136
\l__box_right_new_dim=\dimen137
\l__box_internal_box=\box42
\l__coffin_bounding_shift_dim=\dimen138
\l__coffin_left_corner_dim=\dimen139
\l__coffin_right_corner_dim=\dimen140
\l__coffin_bottom_corner_dim=\dimen141
\l__coffin_top_corner_dim=\dimen142
\l__coffin_scaled_total_height_dim=\dimen143
\l__coffin_scaled_width_dim=\dimen144
))
Package: l3keys2e 2014/05/05 v4740 LaTeX2e option processing using LaTeX3 keys
)
(/usr/local/texlive/2014/texmf-dist/tex/latex/base/textcomp.sty
Package: textcomp 2005/09/27 v1.99g Standard LaTeX package
Package textcomp Info: Sub-encoding information:
(textcomp)               5 = only ISO-Adobe without \textcurrency
(textcomp)               4 = 5 + \texteuro
(textcomp)               3 = 4 + \textohm
(textcomp)               2 = 3 + \textestimated + \textcurrency
(textcomp)               1 = TS1 - \textcircled - \t
(textcomp)               0 = TS1 (full)
(textcomp)             Font families with sub-encoding setting implement
(textcomp)             only a restricted character set as indicated.
(textcomp)             Family '?' is the default used for unknown fonts.
(textcomp)             See the documentation for details.
Package textcomp Info: Setting ? sub-encoding to TS1/1 on input line 71.

(/usr/local/texlive/2014/texmf-dist/tex/latex/base/ts1enc.def
File: ts1enc.def 2001/06/05 v3.0e (jk/car/fm) Standard LaTeX file
)
LaTeX Info: Redefining \oldstylenums on input line 266.
Package textcomp Info: Setting cmr sub-encoding to TS1/0 on input line 281.
Package textcomp Info: Setting cmss sub-encoding to TS1/0 on input line 282.
Package textcomp Info: Setting cmtt sub-encoding to TS1/0 on input line 283.
Package textcomp Info: Setting cmvtt sub-encoding to TS1/0 on input line 284.
Package textcomp Info: Setting cmbr sub-encoding to TS1/0 on input line 285.
Package textcomp Info: Setting cmtl sub-encoding to TS1/0 on input line 286.
Package textcomp Info: Setting ccr sub-encoding to TS1/0 on input line 287.
Package textcomp Info: Setting ptm sub-encoding to TS1/4 on input line 288.
Package textcomp Info: Setting pcr sub-encoding to TS1/4 on input line 289.
Package textcomp Info: Setting phv sub-encoding to TS1/4 on input line 290.
Package textcomp Info: Setting ppl sub-encoding to TS1/3 on input line 291.
Package textcomp Info: Setting pag sub-encoding to TS1/4 on input line 292.
Package textcomp Info: Setting pbk sub-encoding to TS1/4 on input line 293.
Package textcomp Info: Setting pnc sub-encoding to TS1/4 on input line 294.
Package textcomp Info: Setting pzc sub-encoding to TS1/4 on input line 295.
Package textcomp Info: Setting bch sub-encoding to TS1/4 on input line 296.
Package textcomp Info: Setting put sub-encoding to TS1/5 on input line 297.
Package textcomp Info: Setting uag sub-encoding to TS1/5 on input line 298.
Package textcomp Info: Setting ugq sub-encoding to TS1/5 on input line 299.
Package textcomp Info: Setting ul8 sub-encoding to TS1/4 on input line 300.
Package textcomp Info: Setting ul9 sub-encoding to TS1/4 on input line 301.
Package textcomp Info: Setting augie sub-encoding to TS1/5 on input line 302.
Package textcomp Info: Setting dayrom sub-encoding to TS1/3 on input line 303.
Package textcomp Info: Setting dayroms sub-encoding to TS1/3 on input line 304.

Package textcomp Info: Setting pxr sub-encoding to TS1/0 on input line 305.
Package textcomp Info: Setting pxss sub-encoding to TS1/0 on input line 306.
Package textcomp Info: Setting pxtt sub-encoding to TS1/0 on input line 307.
Package textcomp Info: Setting txr sub-encoding to TS1/0 on input line 308.
Package textcomp Info: Setting txss sub-encoding to TS1/0 on input line 309.
Package textcomp Info: Setting txtt sub-encoding to TS1/0 on input line 310.
Package textcomp Info: Setting lmr sub-encoding to TS1/0 on input line 311.
Package textcomp Info: Setting lmdh sub-encoding to TS1/0 on input line 312.
Package textcomp Info: Setting lmss sub-encoding to TS1/0 on input line 313.
Package textcomp Info: Setting lmssq sub-encoding to TS1/0 on input line 314.
Package textcomp Info: Setting lmvtt sub-encoding to TS1/0 on input line 315.
Package textcomp Info: Setting qhv sub-encoding to TS1/0 on input line 316.
Package textcomp Info: Setting qag sub-encoding to TS1/0 on input line 317.
Package textcomp Info: Setting qbk sub-encoding to TS1/0 on input line 318.
Package textcomp Info: Setting qcr sub-encoding to TS1/0 on input line 319.
Package textcomp Info: Setting qcs sub-encoding to TS1/0 on input line 320.
Package textcomp Info: Setting qpl sub-encoding to TS1/0 on input line 321.
Package textcomp Info: Setting qtm sub-encoding to TS1/0 on input line 322.
Package textcomp Info: Setting qzc sub-encoding to TS1/0 on input line 323.
Package textcomp Info: Setting qhvc sub-encoding to TS1/0 on input line 324.
Package textcomp Info: Setting futs sub-encoding to TS1/4 on input line 325.
Package textcomp Info: Setting futx sub-encoding to TS1/4 on input line 326.
Package textcomp Info: Setting futj sub-encoding to TS1/4 on input line 327.
Package textcomp Info: Setting hlh sub-encoding to TS1/3 on input line 328.
Package textcomp Info: Setting hls sub-encoding to TS1/3 on input line 329.
Package textcomp Info: Setting hlst sub-encoding to TS1/3 on input line 330.
Package textcomp Info: Setting hlct sub-encoding to TS1/5 on input line 331.
Package textcomp Info: Setting hlx sub-encoding to TS1/5 on input line 332.
Package textcomp Info: Setting hlce sub-encoding to TS1/5 on input line 333.
Package textcomp Info: Setting hlcn sub-encoding to TS1/5 on input line 334.
Package textcomp Info: Setting hlcw sub-encoding to TS1/5 on input line 335.
Package textcomp Info: Setting hlcf sub-encoding to TS1/5 on input line 336.
Package textcomp Info: Setting pplx sub-encoding to TS1/3 on input line 337.
Package textcomp Info: Setting pplj sub-encoding to TS1/3 on input line 338.
Package textcomp Info: Setting ptmx sub-encoding to TS1/4 on input line 339.
Package textcomp Info: Setting ptmj sub-encoding to TS1/4 on input line 340.
)
(/usr/local/texlive/2014/texmf-dist/tex/latex/l3packages/xparse/xparse.sty
Package: xparse 2014/05/05 v4740 L3 Experimental document command parser
\l__xparse_current_arg_int=\count126
\l__xparse_m_args_int=\count127
\l__xparse_mandatory_args_int=\count128
\l__xparse_processor_int=\count129
\l__xparse_v_nesting_int=\count130
)
(/usr/local/texlive/2014/texmf-dist/tex/latex/l3packages/xtemplate/xtemplate.st
y
Package: xtemplate 2014/05/05 v4740 L3 Experimental prototype document function
s
\l__xtemplate_tmp_dim=\dimen145
\l__xtemplate_tmp_int=\count131
\l__xtemplate_tmp_muskip=\muskip17
\l__xtemplate_tmp_skip=\skip52
Variant \prop_get:NoNTF already defined; not changing it on line 106
Variant \prop_get:NoNT already defined; not changing it on line 107
Variant \prop_get:NoNF already defined; not changing it on line 108
)
Package: xfrac 2014/05/04 v4728 L3 Experimental split-level fractions
\l__xfrac_slash_box=\box43
\l__xfrac_tmp_box=\box44
\l__xfrac_denominator_bot_sep_dim=\dimen146
\l__xfrac_numerator_bot_sep_dim=\dimen147
\l__xfrac_numerator_top_sep_dim=\dimen148
\l__xfrac_slash_left_sep_dim=\dimen149
\l__xfrac_slash_right_sep_dim=\dimen150
\l__xfrac_slash_left_muskip=\muskip18
\l__xfrac_slash_right_muskip=\muskip19
.................................................
. xtemplate info: "declare-object-type"
. 
. Declaring object type 'xfrac' taking 3 argument(s) on line 96.
.................................................
.................................................
. LaTeX info: "xparse/define-command"
. 
. Defining document command \sfrac with arg. spec. 'omom' on line 436.
.................................................
) (/usr/local/texlive/2014/texmf-dist/tex/latex/mh/breqn.sty
Package: breqn 2012/05/10 v0.98b Breaking equations

(/usr/local/texlive/2014/texmf-dist/tex/latex/mh/flexisym.sty
Package: flexisym 2013/03/16 v0.97c Make math characters macros
LaTeX Info: Redefining \textprime on input line 296.
LaTeX Info: Redefining \not on input line 354.

(/usr/local/texlive/2014/texmf-dist/tex/latex/mh/cmbase.sym
File: cmbase.sym 2007/12/19 v0.92
LaTeX Info: Redefining \hbar on input line 323.
LaTeX Info: Redefining \surd on input line 325.
LaTeX Info: Redefining \angle on input line 333.
LaTeX Info: Redefining \neq on input line 334.
LaTeX Info: Redefining \mapsto on input line 335.
LaTeX Info: Redefining \cong on input line 336.
LaTeX Info: Redefining \notin on input line 339.
LaTeX Info: Redefining \rightleftharpoons on input line 340.
LaTeX Info: Redefining \doteq on input line 341.
LaTeX Info: Redefining \hookrightarrow on input line 342.
LaTeX Info: Redefining \hookleftarrow on input line 343.
LaTeX Info: Redefining \bowtie on input line 344.
LaTeX Info: Redefining \models on input line 345.
LaTeX Info: Redefining \Longrightarrow on input line 346.
LaTeX Info: Redefining \longrightarrow on input line 347.
LaTeX Info: Redefining \Longleftarrow on input line 348.
LaTeX Info: Redefining \longleftarrow on input line 349.
LaTeX Info: Redefining \longmapsto on input line 350.
LaTeX Info: Redefining \longleftrightarrow on input line 351.
LaTeX Info: Redefining \Longleftrightarrow on input line 352.
LaTeX Info: Redefining \cdots on input line 356.
LaTeX Info: Redefining \vdots on input line 359.
LaTeX Info: Redefining \ddots on input line 364.
)
(/usr/local/texlive/2014/texmf-dist/tex/latex/mh/mathstyle.sty
Package: mathstyle 2011/08/03 v0.90 Tracking mathstyle implicitly
LaTeX Info: Redefining \displaystyle on input line 81.
LaTeX Info: Redefining \textstyle on input line 83.
LaTeX Info: Redefining \scriptstyle on input line 85.
LaTeX Info: Redefining \scriptscriptstyle on input line 87.
LaTeX Info: Redefining \genfrac on input line 121.
))
(/usr/local/texlive/2014/texmf-dist/tex/latex/tools/calc.sty
Package: calc 2007/08/22 v4.3 Infix arithmetic (KKT,FJ)
\calc@Acount=\count132
\calc@Bcount=\count133
\calc@Adimen=\dimen151
\calc@Bdimen=\dimen152
\calc@Askip=\skip53
\calc@Bskip=\skip54
LaTeX Info: Redefining \setlength on input line 75.
LaTeX Info: Redefining \addtolength on input line 76.
\calc@Ccount=\count134
\calc@Cskip=\skip55
)
\inf@bad=\count135
\maxint=\count136
\listwidth=\dimen153
\eqnumsep=\dimen154
\eqmargin=\dimen155
\eqlinespacing=\skip56
\eqlineskip=\skip57
\eqlineskiplimit=\dimen156
\eqbinoffset=\muskip20
\eqdelimoffset=\muskip21
\eqindentstep=\dimen157
\eqstyle=\toks20
\eqbreakdepth=\count137
\eqinterlinepenalty=\count138
\intereqpenalty=\count139
\intereqskip=\skip58
\prerelpenalty=\count140
\prebinoppenalty=\count141
\Dmedmuskip=\muskip22
\Dthickmuskip=\muskip23
\eqleftskip=\skip59
\eqrightskip=\skip60
\eq@vspan=\skip61
\eq@binoffset=\muskip24
\EQ@box=\box45
\EQ@copy=\box46
\EQ@numbox=\box47
\eq@wdNum=\dimen158
\GRP@numbox=\box48
\grp@wdNum=\dimen159
\eq@lines=\count142
\eq@curline=\count143
\eq@badness=\count144
\EQ@vims=\count145
\eq@dp=\dimen160
\eq@wdL=\dimen161
\eq@wdT=\dimen162
\eq@wdMin=\dimen163
\grp@wdL=\dimen164
\grp@wdR=\dimen165
\grp@wdT=\dimen166
\eq@wdRmax=\dimen167
\eq@firstht=\dimen168
\eq@wdCond=\dimen169
\eq@indentstep=\dimen170
\eq@linewidth=\dimen171
\grp@linewidth=\dimen172
\eq@hshift=\dimen173
\eq@given@sidespace=\dimen174
\mathindent=\dimen175
\eq@final@linecount=\count146
\eq@wdR=\dimen176
\EQ@continue=\toks21
\lr@level=\count147
\GRP@queue=\toks22
\GRP@box=\box49
\GRP@wholebox=\box50
\darraycolsep=\skip62
\cur@row=\count148
\cur@col=\count149
\conditionsep=\skip63
)
(/usr/local/texlive/2014/texmf-dist/tex/latex/base/fixltx2e.sty
Package: fixltx2e 2014/05/13 v1.1q fixes to LaTeX
LaTeX Info: Redefining \em on input line 429.
LaTeX Info: The control sequence `\[' is already robust on input line 480.
LaTeX Info: The control sequence `\]' is already robust on input line 481.
)
(/usr/local/texlive/2014/texmf-dist/tex/latex/enumitem/enumitem.sty
Package: enumitem 2011/09/28 v3.5.2 Customized lists
\labelindent=\skip64
\enit@outerparindent=\dimen177
\enit@toks=\toks23
\enit@inbox=\box51
\enitdp@description=\count150
)
(/usr/local/texlive/2014/texmf-dist/tex/latex/parskip/parskip.sty
Package: parskip 2001/04/09 non-zero parskip adjustments
)
(/usr/local/texlive/2014/texmf-dist/tex/latex/xcolor/xcolor.sty
Package: xcolor 2007/01/21 v2.11 LaTeX color extensions (UK)

(/usr/local/texlive/2014/texmf-dist/tex/latex/latexconfig/color.cfg
File: color.cfg 2007/01/18 v1.5 color configuration of teTeX/TeXLive
)
Package xcolor Info: Driver file: pdftex.def on input line 225.
Package xcolor Info: Model `cmy' substituted by `cmy0' on input line 1337.
Package xcolor Info: Model `hsb' substituted by `rgb' on input line 1341.
Package xcolor Info: Model `RGB' extended on input line 1353.
Package xcolor Info: Model `HTML' substituted by `rgb' on input line 1355.
Package xcolor Info: Model `Hsb' substituted by `hsb' on input line 1356.
Package xcolor Info: Model `tHsb' substituted by `hsb' on input line 1357.
Package xcolor Info: Model `HSB' substituted by `hsb' on input line 1358.
Package xcolor Info: Model `Gray' substituted by `gray' on input line 1359.
Package xcolor Info: Model `wave' substituted by `hsb' on input line 1360.
)
(/usr/local/texlive/2014/texmf-dist/tex/latex/sectsty/sectsty.sty
Package: sectsty 2002/02/25 v2.0.2 Commands to change all sectional heading sty
les
)
(/usr/local/texlive/2014/texmf-dist/tex/latex/caption/caption.sty
Package: caption 2013/05/02 v3.3-89 Customizing captions (AR)

(/usr/local/texlive/2014/texmf-dist/tex/latex/caption/caption3.sty
Package: caption3 2013/05/02 v1.6-88 caption3 kernel (AR)
Package caption3 Info: TeX engine: e-TeX on input line 57.
\captionmargin=\dimen178
\captionmargin@=\dimen179
\captionwidth=\dimen180
\caption@tempdima=\dimen181
\caption@indent=\dimen182
\caption@parindent=\dimen183
\caption@hangindent=\dimen184
)
\c@ContinuedFloat=\count151
)
(/usr/local/texlive/2014/texmf-dist/tex/latex/caption/subcaption.sty
Package: subcaption 2013/02/03 v1.1-62 Sub-captions (AR)
\c@subfigure=\count152
\c@subtable=\count153
)
(/usr/local/texlive/2014/texmf-dist/tex/latex/tools/tabularx.sty
Package: tabularx 2014/05/13 v2.10 `tabularx' package (DPC)

(/usr/local/texlive/2014/texmf-dist/tex/latex/tools/array.sty
Package: array 2008/09/09 v2.4c Tabular extension package (FMi)
\col@sep=\dimen185
\extrarowheight=\dimen186
\NC@list=\toks24
\extratabsurround=\skip65
\backup@length=\skip66
)
\TX@col@width=\dimen187
\TX@old@table=\dimen188
\TX@old@col=\dimen189
\TX@target=\dimen190
\TX@delta=\dimen191
\TX@cols=\count154
\TX@ftn=\toks25
)
(/usr/local/texlive/2014/texmf-dist/tex/latex/multirow/multirow.sty
\bigstrutjot=\dimen192
)
(/usr/local/texlive/2014/texmf-dist/tex/latex/booktabs/booktabs.sty
Package: booktabs 2005/04/14 v1.61803 publication quality tables
\heavyrulewidth=\dimen193
\lightrulewidth=\dimen194
\cmidrulewidth=\dimen195
\belowrulesep=\dimen196
\belowbottomsep=\dimen197
\aboverulesep=\dimen198
\abovetopsep=\dimen199
\cmidrulesep=\dimen200
\cmidrulekern=\dimen201
Normal \dimen register pool exhausted, switching to extended pool.
\defaultaddspace=\dimen256
\@cmidla=\count155
\@cmidlb=\count156
\@aboverulesep=\dimen257
\@belowrulesep=\dimen258
\@thisruleclass=\count157
\@lastruleclass=\count158
\@thisrulewidth=\dimen259
)
(/usr/local/texlive/2014/texmf-dist/tex/latex/hyperref/hyperref.sty
Package: hyperref 2012/11/06 v6.83m Hypertext links for LaTeX

(/usr/local/texlive/2014/texmf-dist/tex/generic/oberdiek/hobsub-hyperref.sty
Package: hobsub-hyperref 2012/05/28 v1.13 Bundle oberdiek, subset hyperref (HO)


(/usr/local/texlive/2014/texmf-dist/tex/generic/oberdiek/hobsub-generic.sty
Package: hobsub-generic 2012/05/28 v1.13 Bundle oberdiek, subset generic (HO)
Package: hobsub 2012/05/28 v1.13 Construct package bundles (HO)
Package hobsub Info: Skipping package `infwarerr' (already loaded).
Package hobsub Info: Skipping package `ltxcmds' (already loaded).
Package: ifluatex 2010/03/01 v1.3 Provides the ifluatex switch (HO)
Package ifluatex Info: LuaTeX not detected.
Package: ifvtex 2010/03/01 v1.5 Detect VTeX and its facilities (HO)
Package ifvtex Info: VTeX not detected.
Package: intcalc 2007/09/27 v1.1 Expandable calculations with integers (HO)
Package hobsub Info: Skipping package `ifpdf' (already loaded).
Package: etexcmds 2011/02/16 v1.5 Avoid name clashes with e-TeX commands (HO)
Package etexcmds Info: Could not find \expanded.
(etexcmds)             That can mean that you are not using pdfTeX 1.50 or
(etexcmds)             that some package has redefined \expanded.
(etexcmds)             In the latter case, load this package earlier.
Package: kvsetkeys 2012/04/25 v1.16 Key value parser (HO)
Package: kvdefinekeys 2011/04/07 v1.3 Define keys (HO)
Package: pdftexcmds 2011/11/29 v0.20 Utility functions of pdfTeX for LuaTeX (HO
)
Package pdftexcmds Info: LuaTeX not detected.
Package pdftexcmds Info: \pdf@primitive is available.
Package pdftexcmds Info: \pdf@ifprimitive is available.
Package pdftexcmds Info: \pdfdraftmode found.
Package: pdfescape 2011/11/25 v1.13 Implements pdfTeX's escape features (HO)
Package: bigintcalc 2012/04/08 v1.3 Expandable calculations on big integers (HO
)
Package: bitset 2011/01/30 v1.1 Handle bit-vector datatype (HO)
Package: uniquecounter 2011/01/30 v1.2 Provide unlimited unique counter (HO)
)
Package hobsub Info: Skipping package `hobsub' (already loaded).
Package: letltxmacro 2010/09/02 v1.4 Let assignment for LaTeX macros (HO)
Package: hopatch 2012/05/28 v1.2 Wrapper for package hooks (HO)
Package: xcolor-patch 2011/01/30 xcolor patch
Package: atveryend 2011/06/30 v1.8 Hooks at the very end of document (HO)
Package atveryend Info: \enddocument detected (standard20110627).
Package: atbegshi 2011/10/05 v1.16 At begin shipout hook (HO)
Package: refcount 2011/10/16 v3.4 Data extraction from label references (HO)
Package: hycolor 2011/01/30 v1.7 Color options for hyperref/bookmark (HO)
)
(/usr/local/texlive/2014/texmf-dist/tex/generic/ifxetex/ifxetex.sty
Package: ifxetex 2010/09/12 v0.6 Provides ifxetex conditional
)
(/usr/local/texlive/2014/texmf-dist/tex/latex/oberdiek/auxhook.sty
Package: auxhook 2011/03/04 v1.3 Hooks for auxiliary files (HO)
)
(/usr/local/texlive/2014/texmf-dist/tex/latex/oberdiek/kvoptions.sty
Package: kvoptions 2011/06/30 v3.11 Key value format for package options (HO)
)
\@linkdim=\dimen260
\Hy@linkcounter=\count159
\Hy@pagecounter=\count160

(/usr/local/texlive/2014/texmf-dist/tex/latex/hyperref/pd1enc.def
File: pd1enc.def 2012/11/06 v6.83m Hyperref: PDFDocEncoding definition (HO)
)
\Hy@SavedSpaceFactor=\count161

(/usr/local/texlive/2014/texmf-dist/tex/latex/latexconfig/hyperref.cfg
File: hyperref.cfg 2002/06/06 v1.2 hyperref configuration of TeXLive
)
Package hyperref Info: Hyper figures OFF on input line 4443.
Package hyperref Info: Link nesting OFF on input line 4448.
Package hyperref Info: Hyper index ON on input line 4451.
Package hyperref Info: Plain pages OFF on input line 4458.
Package hyperref Info: Backreferencing OFF on input line 4463.
Package hyperref Info: Implicit mode ON; LaTeX internals redefined.
Package hyperref Info: Bookmarks ON on input line 4688.
\c@Hy@tempcnt=\count162

(/usr/local/texlive/2014/texmf-dist/tex/latex/url/url.sty
\Urlmuskip=\muskip25
Package: url 2013/09/16  ver 3.4  Verb mode for urls, etc.
)
LaTeX Info: Redefining \url on input line 5041.
\XeTeXLinkMargin=\dimen261
\Fld@menulength=\count163
\Field@Width=\dimen262
\Fld@charsize=\dimen263
Package hyperref Info: Hyper figures OFF on input line 6295.
Package hyperref Info: Link nesting OFF on input line 6300.
Package hyperref Info: Hyper index ON on input line 6303.
Package hyperref Info: backreferencing OFF on input line 6310.
Package hyperref Info: Link coloring OFF on input line 6315.
Package hyperref Info: Link coloring with OCG OFF on input line 6320.
Package hyperref Info: PDF/A mode OFF on input line 6325.
LaTeX Info: Redefining \ref on input line 6365.
LaTeX Info: Redefining \pageref on input line 6369.
\Hy@abspage=\count164
\c@Item=\count165
\c@Hfootnote=\count166
)

Package hyperref Message: Driver (autodetected): hpdftex.

(/usr/local/texlive/2014/texmf-dist/tex/latex/hyperref/hpdftex.def
File: hpdftex.def 2012/11/06 v6.83m Hyperref driver for pdfTeX
\Fld@listcount=\count167
\c@bookmark@seq@number=\count168

(/usr/local/texlive/2014/texmf-dist/tex/latex/oberdiek/rerunfilecheck.sty
Package: rerunfilecheck 2011/04/15 v1.7 Rerun checks for auxiliary files (HO)
Package uniquecounter Info: New unique counter `rerunfilecheck' on input line 2
82.
)
\Hy@SectionHShift=\skip67
)
Package hyperref Info: Option `colorlinks' set `true' on input line 40.

(/usr/local/texlive/2014/texmf-dist/tex/latex/appendix/appendix.sty
Package: appendix 2009/09/02 v1.2b extra appendix facilities
\c@@pps=\count169
\c@@ppsavesec=\count170
\c@@ppsaveapp=\count171
)
(/usr/local/texlive/2014/texmf-dist/tex/latex/natbib/natbib.sty
Package: natbib 2010/09/13 8.31b (PWD, AO)
\bibhang=\skip68
\bibsep=\skip69
LaTeX Info: Redefining \cite on input line 694.
\c@NAT@ctr=\count172
)
(/usr/local/texlive/2014/texmf-dist/tex/latex/pgfplots/pgfplots.sty
(/usr/local/texlive/2014/texmf-dist/tex/generic/pgfplots/pgfplots.revision.tex)
Package: pgfplots 2014/02/28 v1.10 Data Visualization (1.10-2-gb39fe75)
(/usr/local/texlive/2014/texmf-dist/tex/latex/pgf/frontendlayer/tikz.sty
(/usr/local/texlive/2014/texmf-dist/tex/latex/pgf/basiclayer/pgf.sty
(/usr/local/texlive/2014/texmf-dist/tex/latex/pgf/utilities/pgfrcs.sty
(/usr/local/texlive/2014/texmf-dist/tex/generic/pgf/utilities/pgfutil-common.te
x
\pgfutil@everybye=\toks26
\pgfutil@tempdima=\dimen264
\pgfutil@tempdimb=\dimen265

(/usr/local/texlive/2014/texmf-dist/tex/generic/pgf/utilities/pgfutil-common-li
sts.tex))
(/usr/local/texlive/2014/texmf-dist/tex/generic/pgf/utilities/pgfutil-latex.def
\pgfutil@abb=\box52
(/usr/local/texlive/2014/texmf-dist/tex/latex/ms/everyshi.sty
Package: everyshi 2001/05/15 v3.00 EveryShipout Package (MS)
))
(/usr/local/texlive/2014/texmf-dist/tex/generic/pgf/utilities/pgfrcs.code.tex
Package: pgfrcs 2013/12/20 v3.0.0 (rcs-revision 1.28)
))
Package: pgf 2013/12/18 v3.0.0 (rcs-revision 1.14)
(/usr/local/texlive/2014/texmf-dist/tex/latex/pgf/basiclayer/pgfcore.sty
(/usr/local/texlive/2014/texmf-dist/tex/latex/pgf/systemlayer/pgfsys.sty
(/usr/local/texlive/2014/texmf-dist/tex/generic/pgf/systemlayer/pgfsys.code.tex
Package: pgfsys 2013/11/30 v3.0.0 (rcs-revision 1.47)
(/usr/local/texlive/2014/texmf-dist/tex/generic/pgf/utilities/pgfkeys.code.tex
\pgfkeys@pathtoks=\toks27
\pgfkeys@temptoks=\toks28

(/usr/local/texlive/2014/texmf-dist/tex/generic/pgf/utilities/pgfkeysfiltered.c
ode.tex
\pgfkeys@tmptoks=\toks29
))
\pgf@x=\dimen266
\pgf@y=\dimen267
\pgf@xa=\dimen268
\pgf@ya=\dimen269
\pgf@xb=\dimen270
\pgf@yb=\dimen271
\pgf@xc=\dimen272
\pgf@yc=\dimen273
\w@pgf@writea=\write3
\r@pgf@reada=\read1
\c@pgf@counta=\count173
\c@pgf@countb=\count174
\c@pgf@countc=\count175
\c@pgf@countd=\count176
\t@pgf@toka=\toks30
\t@pgf@tokb=\toks31
\t@pgf@tokc=\toks32

(/usr/local/texlive/2014/texmf-dist/tex/generic/pgf/systemlayer/pgf.cfg
File: pgf.cfg 2008/05/14  (rcs-revision 1.7)
)
Driver file for pgf: pgfsys-pdftex.def

(/usr/local/texlive/2014/texmf-dist/tex/generic/pgf/systemlayer/pgfsys-pdftex.d
ef
File: pgfsys-pdftex.def 2013/07/18  (rcs-revision 1.33)

(/usr/local/texlive/2014/texmf-dist/tex/generic/pgf/systemlayer/pgfsys-common-p
df.def
File: pgfsys-common-pdf.def 2013/10/10  (rcs-revision 1.13)
)))
(/usr/local/texlive/2014/texmf-dist/tex/generic/pgf/systemlayer/pgfsyssoftpath.
code.tex
File: pgfsyssoftpath.code.tex 2013/09/09  (rcs-revision 1.9)
\pgfsyssoftpath@smallbuffer@items=\count177
\pgfsyssoftpath@bigbuffer@items=\count178
)
(/usr/local/texlive/2014/texmf-dist/tex/generic/pgf/systemlayer/pgfsysprotocol.
code.tex
File: pgfsysprotocol.code.tex 2006/10/16  (rcs-revision 1.4)
))
(/usr/local/texlive/2014/texmf-dist/tex/generic/pgf/basiclayer/pgfcore.code.tex
Package: pgfcore 2010/04/11 v3.0.0 (rcs-revision 1.7)
(/usr/local/texlive/2014/texmf-dist/tex/generic/pgf/math/pgfmath.code.tex
(/usr/local/texlive/2014/texmf-dist/tex/generic/pgf/math/pgfmathcalc.code.tex
(/usr/local/texlive/2014/texmf-dist/tex/generic/pgf/math/pgfmathutil.code.tex)
(/usr/local/texlive/2014/texmf-dist/tex/generic/pgf/math/pgfmathparser.code.tex
\pgfmath@dimen=\dimen274
\pgfmath@count=\count179
\pgfmath@box=\box53
\pgfmath@toks=\toks33
\pgfmath@stack@operand=\toks34
\pgfmath@stack@operation=\toks35
)
(/usr/local/texlive/2014/texmf-dist/tex/generic/pgf/math/pgfmathfunctions.code.
tex
(/usr/local/texlive/2014/texmf-dist/tex/generic/pgf/math/pgfmathfunctions.basic
.code.tex)
(/usr/local/texlive/2014/texmf-dist/tex/generic/pgf/math/pgfmathfunctions.trigo
nometric.code.tex)
(/usr/local/texlive/2014/texmf-dist/tex/generic/pgf/math/pgfmathfunctions.rando
m.code.tex)
(/usr/local/texlive/2014/texmf-dist/tex/generic/pgf/math/pgfmathfunctions.compa
rison.code.tex)
(/usr/local/texlive/2014/texmf-dist/tex/generic/pgf/math/pgfmathfunctions.base.
code.tex)
(/usr/local/texlive/2014/texmf-dist/tex/generic/pgf/math/pgfmathfunctions.round
.code.tex)
(/usr/local/texlive/2014/texmf-dist/tex/generic/pgf/math/pgfmathfunctions.misc.
code.tex)
(/usr/local/texlive/2014/texmf-dist/tex/generic/pgf/math/pgfmathfunctions.integ
erarithmetics.code.tex)))
(/usr/local/texlive/2014/texmf-dist/tex/generic/pgf/math/pgfmathfloat.code.tex
\c@pgfmathroundto@lastzeros=\count180
))
(/usr/local/texlive/2014/texmf-dist/tex/generic/pgf/basiclayer/pgfcorepoints.co
de.tex
File: pgfcorepoints.code.tex 2013/10/07  (rcs-revision 1.27)
\pgf@picminx=\dimen275
\pgf@picmaxx=\dimen276
\pgf@picminy=\dimen277
\pgf@picmaxy=\dimen278
\pgf@pathminx=\dimen279
\pgf@pathmaxx=\dimen280
\pgf@pathminy=\dimen281
\pgf@pathmaxy=\dimen282
\pgf@xx=\dimen283
\pgf@xy=\dimen284
\pgf@yx=\dimen285
\pgf@yy=\dimen286
\pgf@zx=\dimen287
\pgf@zy=\dimen288
)
(/usr/local/texlive/2014/texmf-dist/tex/generic/pgf/basiclayer/pgfcorepathconst
ruct.code.tex
File: pgfcorepathconstruct.code.tex 2013/10/07  (rcs-revision 1.29)
\pgf@path@lastx=\dimen289
\pgf@path@lasty=\dimen290
)
(/usr/local/texlive/2014/texmf-dist/tex/generic/pgf/basiclayer/pgfcorepathusage
.code.tex
File: pgfcorepathusage.code.tex 2013/12/13  (rcs-revision 1.23)
\pgf@shorten@end@additional=\dimen291
\pgf@shorten@start@additional=\dimen292
)
(/usr/local/texlive/2014/texmf-dist/tex/generic/pgf/basiclayer/pgfcorescopes.co
de.tex
File: pgfcorescopes.code.tex 2013/10/09  (rcs-revision 1.44)
\pgfpic=\box54
\pgf@hbox=\box55
\pgf@layerbox@main=\box56
\pgf@picture@serial@count=\count181
)
(/usr/local/texlive/2014/texmf-dist/tex/generic/pgf/basiclayer/pgfcoregraphicst
ate.code.tex
File: pgfcoregraphicstate.code.tex 2013/09/19  (rcs-revision 1.11)
\pgflinewidth=\dimen293
)
(/usr/local/texlive/2014/texmf-dist/tex/generic/pgf/basiclayer/pgfcoretransform
ations.code.tex
File: pgfcoretransformations.code.tex 2013/10/10  (rcs-revision 1.17)
\pgf@pt@x=\dimen294
\pgf@pt@y=\dimen295
\pgf@pt@temp=\dimen296
)
(/usr/local/texlive/2014/texmf-dist/tex/generic/pgf/basiclayer/pgfcorequick.cod
e.tex
File: pgfcorequick.code.tex 2008/10/09  (rcs-revision 1.3)
)
(/usr/local/texlive/2014/texmf-dist/tex/generic/pgf/basiclayer/pgfcoreobjects.c
ode.tex
File: pgfcoreobjects.code.tex 2006/10/11  (rcs-revision 1.2)
)
(/usr/local/texlive/2014/texmf-dist/tex/generic/pgf/basiclayer/pgfcorepathproce
ssing.code.tex
File: pgfcorepathprocessing.code.tex 2013/09/09  (rcs-revision 1.9)
)
(/usr/local/texlive/2014/texmf-dist/tex/generic/pgf/basiclayer/pgfcorearrows.co
de.tex
File: pgfcorearrows.code.tex 2013/11/07  (rcs-revision 1.40)
\pgfarrowsep=\dimen297
)
(/usr/local/texlive/2014/texmf-dist/tex/generic/pgf/basiclayer/pgfcoreshade.cod
e.tex
File: pgfcoreshade.code.tex 2013/07/15  (rcs-revision 1.15)
\pgf@max=\dimen298
\pgf@sys@shading@range@num=\count182
)
(/usr/local/texlive/2014/texmf-dist/tex/generic/pgf/basiclayer/pgfcoreimage.cod
e.tex
File: pgfcoreimage.code.tex 2013/07/15  (rcs-revision 1.18)

(/usr/local/texlive/2014/texmf-dist/tex/generic/pgf/basiclayer/pgfcoreexternal.
code.tex
File: pgfcoreexternal.code.tex 2013/07/15  (rcs-revision 1.20)
\pgfexternal@startupbox=\box57
))
(/usr/local/texlive/2014/texmf-dist/tex/generic/pgf/basiclayer/pgfcorelayers.co
de.tex
File: pgfcorelayers.code.tex 2013/07/18  (rcs-revision 1.7)
)
(/usr/local/texlive/2014/texmf-dist/tex/generic/pgf/basiclayer/pgfcoretranspare
ncy.code.tex
File: pgfcoretransparency.code.tex 2013/09/30  (rcs-revision 1.5)
)
(/usr/local/texlive/2014/texmf-dist/tex/generic/pgf/basiclayer/pgfcorepatterns.
code.tex
File: pgfcorepatterns.code.tex 2013/11/07  (rcs-revision 1.5)
)))
(/usr/local/texlive/2014/texmf-dist/tex/generic/pgf/modules/pgfmoduleshapes.cod
e.tex
File: pgfmoduleshapes.code.tex 2013/10/31  (rcs-revision 1.34)
\pgfnodeparttextbox=\box58
)
(/usr/local/texlive/2014/texmf-dist/tex/generic/pgf/modules/pgfmoduleplot.code.
tex
File: pgfmoduleplot.code.tex 2013/07/31  (rcs-revision 1.12)
)
(/usr/local/texlive/2014/texmf-dist/tex/latex/pgf/compatibility/pgfcomp-version
-0-65.sty
Package: pgfcomp-version-0-65 2007/07/03 v3.0.0 (rcs-revision 1.7)
\pgf@nodesepstart=\dimen299
\pgf@nodesepend=\dimen300
)
(/usr/local/texlive/2014/texmf-dist/tex/latex/pgf/compatibility/pgfcomp-version
-1-18.sty
Package: pgfcomp-version-1-18 2007/07/23 v3.0.0 (rcs-revision 1.1)
))
(/usr/local/texlive/2014/texmf-dist/tex/latex/pgf/utilities/pgffor.sty
(/usr/local/texlive/2014/texmf-dist/tex/latex/pgf/utilities/pgfkeys.sty
(/usr/local/texlive/2014/texmf-dist/tex/generic/pgf/utilities/pgfkeys.code.tex)
) (/usr/local/texlive/2014/texmf-dist/tex/latex/pgf/math/pgfmath.sty
(/usr/local/texlive/2014/texmf-dist/tex/generic/pgf/math/pgfmath.code.tex))
(/usr/local/texlive/2014/texmf-dist/tex/generic/pgf/utilities/pgffor.code.tex
Package: pgffor 2013/12/13 v3.0.0 (rcs-revision 1.25)

(/usr/local/texlive/2014/texmf-dist/tex/generic/pgf/math/pgfmath.code.tex)
\pgffor@iter=\dimen301
\pgffor@skip=\dimen302
\pgffor@stack=\toks36
\pgffor@toks=\toks37
))
(/usr/local/texlive/2014/texmf-dist/tex/generic/pgf/frontendlayer/tikz/tikz.cod
e.tex
Package: tikz 2013/12/13 v3.0.0 (rcs-revision 1.142)

(/usr/local/texlive/2014/texmf-dist/tex/generic/pgf/libraries/pgflibraryplothan
dlers.code.tex
File: pgflibraryplothandlers.code.tex 2013/08/31 v3.0.0 (rcs-revision 1.20)
\pgf@plot@mark@count=\count183
\pgfplotmarksize=\dimen303
)
\tikz@lastx=\dimen304
\tikz@lasty=\dimen305
\tikz@lastxsaved=\dimen306
\tikz@lastysaved=\dimen307
\tikzleveldistance=\dimen308
\tikzsiblingdistance=\dimen309
\tikz@figbox=\box59
\tikz@figbox@bg=\box60
\tikz@tempbox=\box61
\tikz@tempbox@bg=\box62
\tikztreelevel=\count184
\tikznumberofchildren=\count185
\tikznumberofcurrentchild=\count186
\tikz@fig@count=\count187

(/usr/local/texlive/2014/texmf-dist/tex/generic/pgf/modules/pgfmodulematrix.cod
e.tex
File: pgfmodulematrix.code.tex 2013/09/17  (rcs-revision 1.8)
\pgfmatrixcurrentrow=\count188
\pgfmatrixcurrentcolumn=\count189
\pgf@matrix@numberofcolumns=\count190
)
\tikz@expandcount=\count191

(/usr/local/texlive/2014/texmf-dist/tex/generic/pgf/frontendlayer/tikz/librarie
s/tikzlibrarytopaths.code.tex
File: tikzlibrarytopaths.code.tex 2008/06/17 v3.0.0 (rcs-revision 1.2)
)))
(/usr/local/texlive/2014/texmf-dist/tex/generic/pgfplots/pgfplots.code.tex
(/usr/local/texlive/2014/texmf-dist/tex/generic/pgfplots/pgfplotscore.code.tex
\t@pgfplots@toka=\toks38
\t@pgfplots@tokb=\toks39
\t@pgfplots@tokc=\toks40
\pgfplots@tmpa=\dimen310
\c@pgfplots@coordindex=\count192
\c@pgfplots@scanlineindex=\count193

(/usr/local/texlive/2014/texmf-dist/tex/generic/pgfplots/sys/pgfplotssysgeneric
.code.tex))
(/usr/local/texlive/2014/texmf-dist/tex/generic/pgfplots/libs/pgfplotslibrary.c
ode.tex)
(/usr/local/texlive/2014/texmf-dist/tex/generic/pgfplots/oldpgfcompatib/pgfplot
soldpgfsupp_loader.code.tex
(/usr/local/texlive/2014/texmf-dist/tex/generic/pgf/libraries/pgflibraryfpu.cod
e.tex))
(/usr/local/texlive/2014/texmf-dist/tex/generic/pgfplots/util/pgfplotsutil.code
.tex
(/usr/local/texlive/2014/texmf-dist/tex/generic/pgfplots/liststructure/pgfplots
liststructure.code.tex)
(/usr/local/texlive/2014/texmf-dist/tex/generic/pgfplots/liststructure/pgfplots
liststructureext.code.tex)
(/usr/local/texlive/2014/texmf-dist/tex/generic/pgfplots/liststructure/pgfplots
array.code.tex
\c@pgfplotsarray@tmp=\count194
)
(/usr/local/texlive/2014/texmf-dist/tex/generic/pgfplots/liststructure/pgfplots
matrix.code.tex)
(/usr/local/texlive/2014/texmf-dist/tex/generic/pgfplots/numtable/pgfplotstable
shared.code.tex
\c@pgfplotstable@counta=\count195
\t@pgfplotstable@a=\toks41
)
(/usr/local/texlive/2014/texmf-dist/tex/generic/pgfplots/liststructure/pgfplots
deque.code.tex)
(/usr/local/texlive/2014/texmf-dist/tex/generic/pgfplots/util/pgfplotsbinary.co
de.tex
(/usr/local/texlive/2014/texmf-dist/tex/generic/pgfplots/util/pgfplotsbinary.da
ta.code.tex))
(/usr/local/texlive/2014/texmf-dist/tex/generic/pgfplots/util/pgfplotsutil.verb
.code.tex)
(/usr/local/texlive/2014/texmf-dist/tex/generic/pgfplots/libs/pgflibrarypgfplot
s.surfshading.code.tex
\c@pgfplotslibrarysurf@no=\count196

(/usr/local/texlive/2014/texmf-dist/tex/generic/pgfplots/sys/pgflibrarypgfplots
.surfshading.pgfsys-pdftex.def)))
(/usr/local/texlive/2014/texmf-dist/tex/generic/pgfplots/util/pgfplotscolormap.
code.tex
(/usr/local/texlive/2014/texmf-dist/tex/generic/pgfplots/util/pgfplotscolor.cod
e.tex))
(/usr/local/texlive/2014/texmf-dist/tex/generic/pgfplots/pgfplotsstackedplots.c
ode.tex)
(/usr/local/texlive/2014/texmf-dist/tex/generic/pgfplots/pgfplotsplothandlers.c
ode.tex
(/usr/local/texlive/2014/texmf-dist/tex/generic/pgfplots/pgfplotsmeshplothandle
r.code.tex))
(/usr/local/texlive/2014/texmf-dist/tex/generic/pgfplots/pgfplots.scaling.code.
tex)
(/usr/local/texlive/2014/texmf-dist/tex/generic/pgfplots/pgfplotscoordprocessin
g.code.tex)
(/usr/local/texlive/2014/texmf-dist/tex/generic/pgfplots/pgfplots.errorbars.cod
e.tex)
(/usr/local/texlive/2014/texmf-dist/tex/generic/pgfplots/pgfplots.markers.code.
tex)
(/usr/local/texlive/2014/texmf-dist/tex/generic/pgfplots/pgfplotsticks.code.tex
)
(/usr/local/texlive/2014/texmf-dist/tex/generic/pgfplots/pgfplots.paths.code.te
x)
(/usr/local/texlive/2014/texmf-dist/tex/generic/pgf/frontendlayer/tikz/librarie
s/tikzlibrarydecorations.code.tex
(/usr/local/texlive/2014/texmf-dist/tex/generic/pgf/modules/pgfmoduledecoration
s.code.tex
\pgfdecoratedcompleteddistance=\dimen311
\pgfdecoratedremainingdistance=\dimen312
\pgfdecoratedinputsegmentcompleteddistance=\dimen313
\pgfdecoratedinputsegmentremainingdistance=\dimen314
\pgf@decorate@distancetomove=\dimen315
\pgf@decorate@repeatstate=\count197
\pgfdecorationsegmentamplitude=\dimen316
\pgfdecorationsegmentlength=\dimen317
)
\tikz@lib@dec@box=\box63
)
(/usr/local/texlive/2014/texmf-dist/tex/generic/pgf/frontendlayer/tikz/librarie
s/tikzlibrarydecorations.pathmorphing.code.tex
(/usr/local/texlive/2014/texmf-dist/tex/generic/pgf/libraries/decorations/pgfli
brarydecorations.pathmorphing.code.tex))
(/usr/local/texlive/2014/texmf-dist/tex/generic/pgf/frontendlayer/tikz/librarie
s/tikzlibrarydecorations.pathreplacing.code.tex
(/usr/local/texlive/2014/texmf-dist/tex/generic/pgf/libraries/decorations/pgfli
brarydecorations.pathreplacing.code.tex))
\pgfplots@numplots=\count198
\pgfplots@xmin@reg=\dimen318
\pgfplots@xmax@reg=\dimen319
\pgfplots@ymin@reg=\dimen320
\pgfplots@ymax@reg=\dimen321
\pgfplots@zmin@reg=\dimen322
\pgfplots@zmax@reg=\dimen323
)
(/usr/local/texlive/2014/texmf-dist/tex/generic/pgf/frontendlayer/tikz/librarie
s/tikzlibraryplotmarks.code.tex
File: tikzlibraryplotmarks.code.tex 2008/01/09 v3.0.0 (rcs-revision 1.1)

(/usr/local/texlive/2014/texmf-dist/tex/generic/pgf/libraries/pgflibraryplotmar
ks.code.tex
File: pgflibraryplotmarks.code.tex 2013/07/20 v3.0.0 (rcs-revision 1.13)
)))
(/usr/local/texlive/2014/texmf-dist/tex/generic/pgfplots/libs/tikzlibrarypgfplo
ts.fillbetween.code.tex
(/usr/local/texlive/2014/texmf-dist/tex/generic/pgfplots/pgfcontrib/tikzlibrary
fillbetween.code.tex
(/usr/local/texlive/2014/texmf-dist/tex/generic/pgf/frontendlayer/tikz/librarie
s/tikzlibraryintersections.code.tex
(/usr/local/texlive/2014/texmf-dist/tex/generic/pgf/libraries/pgflibraryinterse
ctions.code.tex
\pgf@intersect@solutions=\count199
))
(/usr/local/texlive/2014/texmf-dist/tex/generic/pgfplots/pgfcontrib/tikzlibrary
decorations.softclip.code.tex
(/usr/local/texlive/2014/texmf-dist/tex/generic/pgfplots/pgfcontrib/pgflibraryf
illbetween.code.tex)
(/usr/local/texlive/2014/texmf-dist/tex/generic/pgfplots/oldpgfcompatib/pgfplot
soldpgfsupp_pgflibraryintersections.code.tex
\pgf@intersect@solutions=\count200
))
Package pgfplots: loading complementary 'name path' implementation for your pgf
 version...
)
(/usr/local/texlive/2014/texmf-dist/tex/generic/pgfplots/libs/tikzlibrarypgfplo
ts.decorations.softclip.code.tex))
(/usr/local/texlive/2014/texmf-dist/tex/generic/pgf/frontendlayer/tikz/librarie
s/graphs/tikzlibrarygraphs.code.tex
File: tikzlibrarygraphs.code.tex 2013/10/10 v3.0.0 (rcs-revision 1.43)
\tikz@qnode@count=\count201
)
(/usr/local/texlive/2014/texmf-dist/tex/generic/pgf/frontendlayer/tikz/librarie
s/tikzlibraryarrows.code.tex
File: tikzlibraryarrows.code.tex 2008/01/09 v3.0.0 (rcs-revision 1.1)

(/usr/local/texlive/2014/texmf-dist/tex/generic/pgf/libraries/pgflibraryarrows.
code.tex
File: pgflibraryarrows.code.tex 2013/09/23 v3.0.0 (rcs-revision 1.16)
\arrowsize=\dimen324
))
(/usr/local/texlive/2014/texmf-dist/tex/generic/pgf/frontendlayer/tikz/librarie
s/tikzlibrarypositioning.code.tex
File: tikzlibrarypositioning.code.tex 2008/10/06 v3.0.0 (rcs-revision 1.7)
)
(/usr/local/texlive/2014/texmf-dist/tex/latex/listings/listings.sty
Normal \count register pool exhausted, switching to extended pool.
\lst@mode=\count277
\lst@gtempboxa=\box64
\lst@token=\toks42
\lst@length=\count278
\lst@currlwidth=\dimen325
\lst@column=\count279
\lst@pos=\count280
\lst@lostspace=\dimen326
\lst@width=\dimen327
\lst@newlines=\count281
\lst@lineno=\count282
\lst@maxwidth=\dimen328

(/usr/local/texlive/2014/texmf-dist/tex/latex/listings/lstmisc.sty
File: lstmisc.sty 2014/03/04 1.5c (Carsten Heinz)
\c@lstnumber=\count283
\lst@skipnumbers=\count284
\lst@framebox=\box65
)
(/usr/local/texlive/2014/texmf-dist/tex/latex/listings/listings.cfg
File: listings.cfg 2014/03/04 1.5c listings configuration
))
Package: listings 2014/03/04 1.5c (Carsten Heinz)

(./main.aux (./titlepage.aux) (./introduction.aux) (./c1.aux) (./c2.aux)
(./c3.aux) (./c4.aux) (./c5.aux) (./c6.aux) (./c7.aux) (./thirdSegment.aux))
\openout1 = `main.aux'.

LaTeX Font Info:    Checking defaults for OML/cmm/m/it on input line 91.
LaTeX Font Info:    ... okay on input line 91.
LaTeX Font Info:    Checking defaults for T1/cmr/m/n on input line 91.
LaTeX Font Info:    ... okay on input line 91.
LaTeX Font Info:    Checking defaults for OT1/cmr/m/n on input line 91.
LaTeX Font Info:    ... okay on input line 91.
LaTeX Font Info:    Checking defaults for OMS/cmsy/m/n on input line 91.
LaTeX Font Info:    ... okay on input line 91.
LaTeX Font Info:    Checking defaults for OMX/cmex/m/n on input line 91.
LaTeX Font Info:    ... okay on input line 91.
LaTeX Font Info:    Checking defaults for U/cmr/m/n on input line 91.
LaTeX Font Info:    ... okay on input line 91.
LaTeX Font Info:    Checking defaults for TS1/cmr/m/n on input line 91.
LaTeX Font Info:    Try loading font information for TS1+cmr on input line 91.

(/usr/local/texlive/2014/texmf-dist/tex/latex/base/ts1cmr.fd
File: ts1cmr.fd 1999/05/25 v2.5h Standard LaTeX font definitions
)
LaTeX Font Info:    ... okay on input line 91.
LaTeX Font Info:    Checking defaults for PD1/pdf/m/n on input line 91.
LaTeX Font Info:    ... okay on input line 91.

(/usr/local/texlive/2014/texmf-dist/tex/context/base/supp-pdf.mkii
[Loading MPS to PDF converter (version 2006.09.02).]
\scratchcounter=\count285
\scratchdimen=\dimen329
\scratchbox=\box66
\nofMPsegments=\count286
\nofMParguments=\count287
\everyMPshowfont=\toks43
\MPscratchCnt=\count288
\MPscratchDim=\dimen330
\MPnumerator=\count289
\makeMPintoPDFobject=\count290
\everyMPtoPDFconversion=\toks44
) (/usr/local/texlive/2014/texmf-dist/tex/latex/oberdiek/epstopdf-base.sty
Package: epstopdf-base 2010/02/09 v2.5 Base part for package epstopdf

(/usr/local/texlive/2014/texmf-dist/tex/latex/oberdiek/grfext.sty
Package: grfext 2010/08/19 v1.1 Manage graphics extensions (HO)
)
Package grfext Info: Graphics extension search list:
(grfext)             [.png,.pdf,.jpg,.mps,.jpeg,.jbig2,.jb2,.PNG,.PDF,.JPG,.JPE
G,.JBIG2,.JB2,.eps]
(grfext)             \AppendGraphicsExtensions on input line 452.

(/usr/local/texlive/2014/texmf-dist/tex/latex/latexconfig/epstopdf-sys.cfg
File: epstopdf-sys.cfg 2010/07/13 v1.3 Configuration of (r)epstopdf for TeX Liv
e
))
Package caption Info: Begin \AtBeginDocument code.
Package caption Info: hyperref package is loaded.
Package caption Info: listings package is loaded.
Package caption Info: End \AtBeginDocument code.
\AtBeginShipoutBox=\box67
Package hyperref Info: Link coloring ON on input line 91.

(/usr/local/texlive/2014/texmf-dist/tex/latex/hyperref/nameref.sty
Package: nameref 2012/10/27 v2.43 Cross-referencing by name of section

(/usr/local/texlive/2014/texmf-dist/tex/generic/oberdiek/gettitlestring.sty
Package: gettitlestring 2010/12/03 v1.4 Cleanup title references (HO)
)
\c@section@level=\count291
)
LaTeX Info: Redefining \ref on input line 91.
LaTeX Info: Redefining \pageref on input line 91.
LaTeX Info: Redefining \nameref on input line 91.

(./main.out) (./main.out)
\@outlinefile=\write4
\openout4 = `main.out'.

 ABD: EveryShipout initializing macros
Package pgfplots notification 'compat/show suggested version=true': you might b
enefit from \pgfplotsset{compat=1.10} (current compat level: 1.8).

\c@lstlisting=\count292
\openout2 = `titlepage.aux'.

(./titlepage.tex
<./Image/TU_d_line_P1_color_1.jpg, id=308, 481.8pt x 226.6869pt>
File: ./Image/TU_d_line_P1_color_1.jpg Graphic file (type jpg)

<use ./Image/TU_d_line_P1_color_1.jpg>
Package pdftex.def Info: ./Image/TU_d_line_P1_color_1.jpg used on input line 31
.
(pdftex.def)             Requested size: 103.50105pt x 48.69522pt.

<./Image/Iv-Infra.jpg, id=309, 119.0046pt x 69.1383pt>
File: ./Image/Iv-Infra.jpg Graphic file (type jpg)

<use ./Image/Iv-Infra.jpg>
Package pdftex.def Info: ./Image/Iv-Infra.jpg used on input line 34.
(pdftex.def)             Requested size: 103.50105pt x 60.13293pt.
 [1


{/usr/local/texlive/2014/texmf-var/fonts/map/pdftex/updmap/pdftex.map} <./Image
/TU_d_line_P1_color_1.jpg> <./Image/Iv-Infra.jpg>])pdfTeX warning (ext4): desti
nation with the same identifier (name{page.1}) has been already used, duplicate
 ignored
<to be read again> 
                   \relax 
l.119 \end{abstract}
                     [1

]pdfTeX warning (ext4): destination with the same identifier (name{page.1}) has
 been already used, duplicate ignored
<to be read again> 
                   \relax 
l.147 \tableofcontents
                       [1

] (./main.toc [2

]
Overfull \hbox (3.33308pt too wide) in paragraph at lines 56--56
 [] [][][]\OT1/cmr/bx/n/10 Literature Re-view of reg-u-la-tions re-gard-ing lat
-eral rail-way bridge 
 []

[3])
\tf@toc=\write5
\openout5 = `main.toc'.

 [4] (./main.lof
Overfull \hbox (9.70517pt too wide) in paragraph at lines 17--17
 \OT1/cmr/m/n/10 beam. Parameters:$\OML/cmm/m/it/10 EJ \OT1/cmr/m/n/10 = 2\OML/
cmm/m/it/10 :\OT1/cmr/m/n/10 43\OML/cmm/m/it/10 e\OT1/cmr/m/n/10 10\OML/cmm/m/i
t/10 Nm[]$\OT1/cmr/m/n/10 ,$\OML/cmm/m/it/10 L \OT1/cmr/m/n/10 = 54\OML/cmm/m/i
t/10 m$\OT1/cmr/m/n/10 ,$\OML/cmm/m/it/10 ^^V \OT1/cmr/m/n/10 = 6000\OML/cmm/m/
it/10 kg=m$\OT1/cmr/m/n/10 ,$\OML/cmm/m/it/10 c \OT1/cmr/m/n/10 = 
 []

[5

]
Overfull \hbox (7.30292pt too wide) in paragraph at lines 36--36
 [][] [][][]\OT1/cmr/m/n/10 UIC FREIGHT WAGON (LADEN). Ex-tract from D181Commit
tee 
 []


Overfull \hbox (7.30292pt too wide) in paragraph at lines 37--37
 [][] [][][]\OT1/cmr/m/n/10 UIC FREIGHT WAGON (LADEN). Ex-tract from D181Commit
tee 
 []

)
\tf@lof=\write6
\openout6 = `main.lof'.

 [6] (./main.lot)
\tf@lot=\write7
\openout7 = `main.lot'.

 [7

]
\openout2 = `introduction.aux'.

 (./introduction.tex
Chapter 1.
[8


] [9]) [10]
\openout2 = `c1.aux'.

 (./c1.tex
Chapter 2.
<./Image/wheelsettrackdimension.pdf, id=660, 381.92035pt x 174.15143pt>
File: ./Image/wheelsettrackdimension.pdf Graphic file (type pdf)

<use ./Image/wheelsettrackdimension.pdf>
Package pdftex.def Info: ./Image/wheelsettrackdimension.pdf used on input line 
17.
(pdftex.def)             Requested size: 172.5pt x 78.65971pt.
 [11



 <./Image/wheelsettrackdimension.pdf>] <./Image/wheelconicity.pdf, id=680, 83.0
6512pt x 88.29759pt>
File: ./Image/wheelconicity.pdf Graphic file (type pdf)

<use ./Image/wheelconicity.pdf>
Package pdftex.def Info: ./Image/wheelconicity.pdf used on input line 41.
(pdftex.def)             Requested size: 103.50105pt x 110.02274pt.

<./Image/s1002.jpg, id=682, 688.5725pt x 340.27126pt>
File: ./Image/s1002.jpg Graphic file (type jpg)
 <use ./Image/s1002.jpg>
Package pdftex.def Info: ./Image/s1002.jpg used on input line 50.
(pdftex.def)             Requested size: 172.5pt x 85.24413pt.


LaTeX Warning: `!h' float specifier changed to `!ht'.

[12 <./Image/wheelconicity.pdf>]
Overfull \hbox (1.47348pt too wide) in paragraph at lines 63--64
 []\OT1/cmr/bx/n/10 Worn wheel pro-files[] \OT1/cmr/m/n/10 Wheel wears dur-ing 
us-age and wheel pro-files will change
 []


Overfull \hbox (2.00053pt too wide) in paragraph at lines 66--67
\OT1/cmr/m/n/10 Lateral track ir-reg-u-lar-i-ties is a source in-duc-ing the la
t-eral move-ment of wheelsets.
 []

<./Image/lateraldeviationdefine.pdf, id=789, 368.15895pt x 116.70752pt>
File: ./Image/lateraldeviationdefine.pdf Graphic file (type pdf)

<use ./Image/lateraldeviationdefine.pdf>
Package pdftex.def Info: ./Image/lateraldeviationdefine.pdf used on input line 
72.
(pdftex.def)             Requested size: 276.00105pt x 87.49301pt.


LaTeX Warning: `h' float specifier changed to `ht'.

[13 <./Image/s1002.jpg> <./Image/lateraldeviationdefine.pdf>]
<./Image/singlecontact.pdf, id=879, 79.61324pt x 108.9165pt>
File: ./Image/singlecontact.pdf Graphic file (type pdf)

<use ./Image/singlecontact.pdf>
Package pdftex.def Info: ./Image/singlecontact.pdf used on input line 111.
(pdftex.def)             Requested size: 68.99895pt x 94.39926pt.

Underfull \hbox (badness 3229) in paragraph at lines 112--112
[]\OT1/cmr/m/it/9 (a) |Sin-gle con-
 []


Underfull \hbox (badness 1163) in paragraph at lines 112--112
\OT1/cmr/m/it/9 tracted from [[],
 []

<./Image/doublecontact.pdf, id=882, 182.97942pt x 103.71237pt>
File: ./Image/doublecontact.pdf Graphic file (type pdf)

<use ./Image/doublecontact.pdf>
Package pdftex.def Info: ./Image/doublecontact.pdf used on input line 116.
(pdftex.def)             Requested size: 172.5pt x 97.77765pt.
 [14 <./Image/singlecontact.pdf> <./Image/doublecontact.pdf>] <./Image/klingelm
ovement.pdf, id=909, 307.64876pt x 113.15866pt>
File: ./Image/klingelmovement.pdf Graphic file (type pdf)

<use ./Image/klingelmovement.pdf>
Package pdftex.def Info: ./Image/klingelmovement.pdf used on input line 133.
(pdftex.def)             Requested size: 232.0692pt x 85.35826pt.
 [15 <./Image/klingelmovement.pdf>]
<./Image/flangingwheelset.pdf, id=932, 188.13828pt x 93.1184pt>
File: ./Image/flangingwheelset.pdf Graphic file (type pdf)

<use ./Image/flangingwheelset.pdf>
Package pdftex.def Info: ./Image/flangingwheelset.pdf used on input line 172.
(pdftex.def)             Requested size: 172.5pt x 85.38292pt.


LaTeX Warning: `h' float specifier changed to `ht'.

[16 <./Image/flangingwheelset.pdf>]
Overfull \hbox (15.04686pt too wide) in paragraph at lines 221--222
[]\OT1/cmr/m/n/10 The lat-eral kine-matic wave-length of rail-way ve-hi-cles ar
e hard to pre-dict. Research[[]]
 []

) [17]
\openout2 = `c2.aux'.

 (./c2.tex
Chapter 3.
[18



]
Overfull \hbox (1.88957pt too wide) in paragraph at lines 30--31
[]\OT1/cmr/m/n/10 There is no ad-di-tional ex-pla-na-tion about what type of re
s-o-nance is be-ing avoided.
 []

Missing character: There is no  in font cmr10!
Missing character: There is no  in font cmr10!
Missing character: There is no  in font cmr10!
Missing character: There is no  in font cmr10!
[19]
Missing character: There is no  in font cmr10!
Missing character: There is no  in font cmr10!
Missing character: There is no  in font cmr10!
Missing character: There is no  in font cmr10!
Missing character: There is no  in font cmr10!
Missing character: There is no  in font cmr10!
Missing character: There is no  in font cmr10!
Missing character: There is no  in font cmr10!
Missing character: There is no  in font cmr10!
Missing character: There is no  in font cmr10!
Missing character: There is no  in font cmr10!
Missing character: There is no  in font cmr10!
 [20] <./Image/c9.pdf, id=991, 843.75223pt x 596.58884pt>
File: ./Image/c9.pdf Graphic file (type pdf)

<use ./Image/c9.pdf>
Package pdftex.def Info: ./Image/c9.pdf used on input line 77.
(pdftex.def)             Requested size: 194.45804pt x 137.5pt.
LaTeX Font Info:    Calculating math sizes for size <6.99997> on input line 87.



LaTeX Font Warning: Font shape `OT1/cmr/m/n' in size <3.49998> not available
(Font)              size <5> substituted on input line 87.


LaTeX Font Warning: Font shape `OML/cmm/m/it' in size <3.49998> not available
(Font)              size <5> substituted on input line 87.


LaTeX Font Warning: Font shape `OMS/cmsy/m/n' in size <3.49998> not available
(Font)              size <5> substituted on input line 87.

[21 <./Image/c9.pdf>]) [22]
\openout2 = `c3.aux'.

 (./c3.tex
Chapter 4.
[23



] <./Image/vampire.jpg, id=1051, 577.15625pt x 248.93pt>
File: ./Image/vampire.jpg Graphic file (type jpg)

<use ./Image/vampire.jpg>
Package pdftex.def Info: ./Image/vampire.jpg used on input line 37.
(pdftex.def)             Requested size: 276.00105pt x 119.04442pt.
) [24 <./Image/vampire.jpg>]
\openout2 = `c4.aux'.

 (./c4.tex
Chapter 5.
[25



] <./Image/harmonicloadbeam.pdf, id=1062, 269.08528pt x 92.7465pt>
File: ./Image/harmonicloadbeam.pdf Graphic file (type pdf)

<use ./Image/harmonicloadbeam.pdf>
Package pdftex.def Info: ./Image/harmonicloadbeam.pdf used on input line 21.
(pdftex.def)             Requested size: 172.5pt x 59.45662pt.


LaTeX Warning: `h' float specifier changed to `ht'.

[26 <./Image/harmonicloadbeam.pdf>] [27]
<./Image/hilalplot.pdf, id=1109, 116.21889pt x 76.05875pt>
File: ./Image/hilalplot.pdf Graphic file (type pdf)

<use ./Image/hilalplot.pdf>
Package pdftex.def Info: ./Image/hilalplot.pdf used on input line 146.
(pdftex.def)             Requested size: 210.1337pt x 137.5pt.


LaTeX Warning: `!h' float specifier changed to `!ht'.

[28]
\figureheight=\skip70
\figurewidth=\skip71
 (./matlab/EJ24300000000L54mu6000c29daf.tikz)

LaTeX Warning: `!h' float specifier changed to `!ht'.

[29 <./Image/hilalplot.pdf>] [30] [31] [32]
Missing character: There is no ] in font nullfont!
Missing character: There is no , in font nullfont!
 [33]

Package hyperref Warning: Token not allowed in a PDF string (PDFDocEncoding):
(hyperref)                removing `math shift' on input line 340.


Package hyperref Warning: Token not allowed in a PDF string (PDFDocEncoding):
(hyperref)                removing `math shift' on input line 340.

<./Image/c1.pdf, id=1245, 843.75223pt x 596.58884pt>
File: ./Image/c1.pdf Graphic file (type pdf)
 <use ./Image/c1.pdf>
Package pdftex.def Info: ./Image/c1.pdf used on input line 360.
(pdftex.def)             Requested size: 194.45804pt x 137.5pt.


LaTeX Warning: `!h' float specifier changed to `!ht'.

<./Image/c3.pdf, id=1248, 843.75223pt x 596.58884pt>
File: ./Image/c3.pdf Graphic file (type pdf)
 <use ./Image/c3.pdf>
Package pdftex.def Info: ./Image/c3.pdf used on input line 367.
(pdftex.def)             Requested size: 194.45804pt x 137.5pt.


LaTeX Warning: `!h' float specifier changed to `!ht'.

[34] [35 <./Image/c1.pdf> <./Image/c3.pdf>]
<./Image/c12.pdf, id=1338, 843.75223pt x 596.58884pt>
File: ./Image/c12.pdf Graphic file (type pdf)
 <use ./Image/c12.pdf>
Package pdftex.def Info: ./Image/c12.pdf used on input line 417.
(pdftex.def)             Requested size: 194.45804pt x 137.5pt.

<./Image/c13.pdf, id=1341, 843.75223pt x 596.58884pt>
File: ./Image/c13.pdf Graphic file (type pdf)
 <use ./Image/c13.pdf>
Package pdftex.def Info: ./Image/c13.pdf used on input line 424.
(pdftex.def)             Requested size: 194.45804pt x 137.5pt.


LaTeX Warning: `!h' float specifier changed to `!ht'.

<./Image/c14.pdf, id=1344, 843.75223pt x 596.58884pt>
File: ./Image/c14.pdf Graphic file (type pdf)
 <use ./Image/c14.pdf>
Package pdftex.def Info: ./Image/c14.pdf used on input line 431.
(pdftex.def)             Requested size: 194.45804pt x 137.5pt.


LaTeX Warning: `!h' float specifier changed to `!ht'.

[36 <./Image/c12.pdf>]
Overfull \hbox (3.98341pt too wide) in paragraph at lines 457--457
[]|\OT1/cmr/m/n/10 Parameters| 
 []


Underfull \hbox (badness 10000) in paragraph at lines 457--457
[]|\OT1/cmr/m/n/10 High
 []


Underfull \hbox (badness 10000) in paragraph at lines 457--457
[]|\OT1/cmr/m/n/10 High
 []


LaTeX Warning: `!h' float specifier changed to `!ht'.


LaTeX Warning: `!h' float specifier changed to `!ht'.

[37 <./Image/c13.pdf> <./Image/c14.pdf>]
Overfull \hbox (34.45781pt too wide) in paragraph at lines 504--504
[]\OT1/cmr/bx/n/14.4 Supplementary pa-ram-e-ter cal-cu-la-tion and bench-
 []

[38]
Underfull \hbox (badness 10000) in paragraph at lines 542--542
[]|\OT1/cmr/m/n/5 Base sim-u-
 []


Underfull \hbox (badness 1609) in paragraph at lines 542--542
\OT1/cmr/m/n/5 la-tion cases
 []


Underfull \hbox (badness 10000) in paragraph at lines 542--542
[]|\OT1/cmr/m/n/5 Simulation
 []


Underfull \hbox (badness 10000) in paragraph at lines 542--542
\OT1/cmr/m/n/5 Peak Dis-
 []

[39]) [40]
\openout2 = `c5.aux'.

 (./c5.tex
Chapter 6.
[41



] (./matlab/spedefEJ6560000000000L255min1max30mu20478.tikz) [42]) [43]
\openout2 = `c6.aux'.


(./c6.tex
Chapter 7.
) [44



] [45]
\openout2 = `c7.aux'.

 (./c7.tex
Chapter 8.
[46



]) [47]
\openout2 = `thirdSegment.aux'.

 (./thirdSegment.tex [48




]
Appendix A.
[49

] [50] [51] [52]

Package tabularx Warning: X Columns too narrow (table too wide)
(tabularx)                 on input line 512.


Overfull \hbox (34.16678pt too wide) in paragraph at lines 512--512
[]|\OT1/cmr/m/n/10 Maximum
 []


Overfull \hbox (7.80557pt too wide) in paragraph at lines 512--512
\OT1/cmr/m/n/10 hor-
 []


Underfull \hbox (badness 10000) in paragraph at lines 512--512
\OT1/cmr/m/n/10 i-
 []


Overfull \hbox (8.33334pt too wide) in paragraph at lines 512--512
\OT1/cmr/m/n/10 zon-
 []


Overfull \hbox (1.66669pt too wide) in paragraph at lines 512--512
\OT1/cmr/m/n/10 tal
 []


Overfull \hbox (2.25pt too wide) in paragraph at lines 512--512
\OT1/cmr/m/n/10 ro-
 []


Overfull \hbox (2.22223pt too wide) in paragraph at lines 512--512
\OT1/cmr/m/n/10 ta-
 []


Overfull \hbox (42.8057pt too wide) in paragraph at lines 512--512
\OT1/cmr/m/n/10 tion(radian)| 
 []


Overfull \hbox (0.88313pt too wide) in paragraph at lines 512--512
[]|$\OML/cmm/m/it/10 []$| 
 []


Overfull \hbox (0.88313pt too wide) in paragraph at lines 512--512
[]|$\OML/cmm/m/it/10 []$| 
 []


Overfull \hbox (0.88313pt too wide) in paragraph at lines 512--512
[]|$\OML/cmm/m/it/10 []$| 
 []


Overfull \hbox (40.72177pt too wide) in alignment at lines 512--512
[][][][] 
 []


LaTeX Warning: `h' float specifier changed to `ht'.

[53] [54] [55]
Appendix B.
Missing character: There is no  in font cmr10!
Missing character: There is no  in font cmr10!
Missing character: There is no  in font cmr10!
Missing character: There is no  in font cmr10!
Missing character: There is no  in font cmr10!
Missing character: There is no  in font cmr10!
Missing character: There is no  in font cmr10!
Missing character: There is no  in font cmr10!
Missing character: There is no  in font cmr10!
Missing character: There is no  in font cmr10!
Missing character: There is no  in font cmr10!
Missing character: There is no  in font cmr10!

Overfull \hbox (0.58284pt too wide) in paragraph at lines 572--573
[]\OT1/cmr/m/n/10 DT 329: Para-met-ric study Part 1: Para-met-ric study Ini-tia
l phase (Septem-
 []

[56

] [57]
<./Image/bridgeparametercombination.pdf, id=1632, 396.29198pt x 296.2264pt>
File: ./Image/bridgeparametercombination.pdf Graphic file (type pdf)

<use ./Image/bridgeparametercombination.pdf>
Package pdftex.def Info: ./Image/bridgeparametercombination.pdf used on input l
ine 647.
(pdftex.def)             Requested size: 345.0pt x 257.89116pt.
 [58 <./Image/bridgeparametercombination.pdf>] [59] [60]
Appendix C.
<./Image/vp11.pdf, id=1670, 596.58884pt x 843.75223pt>
File: ./Image/vp11.pdf Graphic file (type pdf)
 <use ./Image/vp11.pdf>
Package pdftex.def Info: ./Image/vp11.pdf used on input line 727.
(pdftex.def)             Requested size: 345.0pt x 487.94756pt.


LaTeX Warning: `h' float specifier changed to `ht'.

<./Image/vp12.pdf, id=1673, 596.58884pt x 843.75223pt>
File: ./Image/vp12.pdf Graphic file (type pdf)
 <use ./Image/vp12.pdf>
Package pdftex.def Info: ./Image/vp12.pdf used on input line 733.
(pdftex.def)             Requested size: 345.0pt x 487.94756pt.


LaTeX Warning: `h' float specifier changed to `ht'.

<./Image/vp21.pdf, id=1676, 596.58884pt x 843.75223pt>
File: ./Image/vp21.pdf Graphic file (type pdf)
 <use ./Image/vp21.pdf>
Package pdftex.def Info: ./Image/vp21.pdf used on input line 739.
(pdftex.def)             Requested size: 345.0pt x 487.94756pt.


LaTeX Warning: `h' float specifier changed to `ht'.

<./Image/vp22.pdf, id=1679, 596.58884pt x 843.75223pt>
File: ./Image/vp22.pdf Graphic file (type pdf)
 <use ./Image/vp22.pdf>
Package pdftex.def Info: ./Image/vp22.pdf used on input line 745.
(pdftex.def)             Requested size: 345.0pt x 487.94756pt.


LaTeX Warning: `h' float specifier changed to `ht'.

<./Image/vp31.pdf, id=1682, 596.58884pt x 843.75223pt>
File: ./Image/vp31.pdf Graphic file (type pdf)
 <use ./Image/vp31.pdf>
Package pdftex.def Info: ./Image/vp31.pdf used on input line 751.
(pdftex.def)             Requested size: 345.0pt x 487.94756pt.


LaTeX Warning: `h' float specifier changed to `ht'.

<./Image/vp32.pdf, id=1685, 596.58884pt x 843.75223pt>
File: ./Image/vp32.pdf Graphic file (type pdf)
 <use ./Image/vp32.pdf>
Package pdftex.def Info: ./Image/vp32.pdf used on input line 757.
(pdftex.def)             Requested size: 345.0pt x 487.94756pt.


LaTeX Warning: `h' float specifier changed to `ht'.

<./Image/vp41.pdf, id=1688, 596.58884pt x 843.75223pt>
File: ./Image/vp41.pdf Graphic file (type pdf)
 <use ./Image/vp41.pdf>
Package pdftex.def Info: ./Image/vp41.pdf used on input line 763.
(pdftex.def)             Requested size: 345.0pt x 487.94756pt.


LaTeX Warning: `h' float specifier changed to `ht'.

<./Image/vp42.pdf, id=1691, 596.58884pt x 843.75223pt>
File: ./Image/vp42.pdf Graphic file (type pdf)
 <use ./Image/vp42.pdf>
Package pdftex.def Info: ./Image/vp42.pdf used on input line 769.
(pdftex.def)             Requested size: 345.0pt x 487.94756pt.


LaTeX Warning: `h' float specifier changed to `ht'.

<./Image/vp51.pdf, id=1694, 596.58884pt x 843.75223pt>
File: ./Image/vp51.pdf Graphic file (type pdf)
 <use ./Image/vp51.pdf>
Package pdftex.def Info: ./Image/vp51.pdf used on input line 775.
(pdftex.def)             Requested size: 345.0pt x 487.94756pt.


LaTeX Warning: `h' float specifier changed to `ht'.

<./Image/vp52.pdf, id=1697, 596.58884pt x 843.75223pt>
File: ./Image/vp52.pdf Graphic file (type pdf)
 <use ./Image/vp52.pdf>
Package pdftex.def Info: ./Image/vp52.pdf used on input line 781.
(pdftex.def)             Requested size: 345.0pt x 487.94756pt.


LaTeX Warning: `h' float specifier changed to `ht'.

<./Image/vp61.pdf, id=1700, 596.58884pt x 843.75223pt>
File: ./Image/vp61.pdf Graphic file (type pdf)
 <use ./Image/vp61.pdf>
Package pdftex.def Info: ./Image/vp61.pdf used on input line 787.
(pdftex.def)             Requested size: 345.0pt x 487.94756pt.


LaTeX Warning: `h' float specifier changed to `ht'.

<./Image/vp62.pdf, id=1703, 596.58884pt x 843.75223pt>
File: ./Image/vp62.pdf Graphic file (type pdf)
 <use ./Image/vp62.pdf>
Package pdftex.def Info: ./Image/vp62.pdf used on input line 794.
(pdftex.def)             Requested size: 345.0pt x 487.94756pt.


LaTeX Warning: `h' float specifier changed to `ht'.

<./Image/track1.pdf, id=1706, 597.23125pt x 845.1575pt>
File: ./Image/track1.pdf Graphic file (type pdf)

<use ./Image/track1.pdf>
Package pdftex.def Info: ./Image/track1.pdf used on input line 799.
(pdftex.def)             Requested size: 345.0pt x 488.2186pt.

Underfull \hbox (badness 1596) in paragraph at lines 800--800
[]\OT1/cmr/m/it/9 Figure C.13: |Hor-i-zon-tal track ir-reg-u-lar-i-ties for fre
ight trains. Ex-tract from
 []


LaTeX Warning: `h' float specifier changed to `ht'.

<./Image/track2.pdf, id=1709, 597.23125pt x 845.1575pt>
File: ./Image/track2.pdf Graphic file (type pdf)

<use ./Image/track2.pdf>
Package pdftex.def Info: ./Image/track2.pdf used on input line 806.
(pdftex.def)             Requested size: 345.0pt x 488.2186pt.


LaTeX Warning: `h' float specifier changed to `ht'.

<./Image/track3.pdf, id=1712, 597.23125pt x 845.1575pt>
File: ./Image/track3.pdf Graphic file (type pdf)

<use ./Image/track3.pdf>
Package pdftex.def Info: ./Image/track3.pdf used on input line 812.
(pdftex.def)             Requested size: 345.0pt x 488.2186pt.


LaTeX Warning: `h' float specifier changed to `ht'.


Overfull \hbox (11.72841pt too wide) in paragraph at lines 819--845
 [][] 
 []


Underfull \hbox (badness 3977) in paragraph at lines 845--845
[]\OT1/cmr/m/it/9 Table C.1: |Axle re-peat pat-terns and typ-i-cal fre-quen-cie
s. Ex-tracted from
 []


LaTeX Warning: `h' float specifier changed to `ht'.

[61

] [62] [63 <./Image/vp11.pdf>] [64 <./Image/vp12.pdf>] [65 <./Image/vp21.pdf>] 
[66 <./Image/vp22.pdf>] [67 <./Image/vp31.pdf>] [68 <./Image/vp32.pdf>]
[69 <./Image/vp41.pdf>] [70 <./Image/vp42.pdf>] [71 <./Image/vp51.pdf>]
[72 <./Image/vp52.pdf>] [73 <./Image/vp61.pdf>] [74 <./Image/vp62.pdf>]
[75 <./Image/track1.pdf>] [76 <./Image/track2.pdf>] [77 <./Image/track3.pdf>]
Appendix D.
<./Image/speedsafe.pdf, id=2157, 412.07883pt x 462.6613pt>
File: ./Image/speedsafe.pdf Graphic file (type pdf)

<use ./Image/speedsafe.pdf>
Package pdftex.def Info: ./Image/speedsafe.pdf used on input line 1141.
(pdftex.def)             Requested size: 241.49895pt x 271.14641pt.


LaTeX Warning: `h' float specifier changed to `ht'.

<./Image/lateralloadcasesample.pdf, id=2160, 597.432pt x 845.31813pt>
File: ./Image/lateralloadcasesample.pdf Graphic file (type pdf)

<use ./Image/lateralloadcasesample.pdf>
Package pdftex.def Info: ./Image/lateralloadcasesample.pdf used on input line 1
148.
(pdftex.def)             Requested size: 345.0pt x 488.15662pt.


LaTeX Warning: `h' float specifier changed to `ht'.

<./Image/examplerunfile.pdf, id=2163, 843.75223pt x 596.58884pt>
File: ./Image/examplerunfile.pdf Graphic file (type pdf)

<use ./Image/examplerunfile.pdf>
Package pdftex.def Info: ./Image/examplerunfile.pdf used on input line 1155.
(pdftex.def)             Requested size: 345.0pt x 243.92937pt.


LaTeX Warning: `h' float specifier changed to `ht'.

[78

] [79 <./Image/speedsafe.pdf>] [80 <./Image/lateralloadcasesample.pdf>]
[81 <./Image/examplerunfile.pdf>]
Appendix E.

LaTeX Warning: `h' float specifier changed to `ht'.

<./Image/trainparameters.pdf, id=2276, 510.81027pt x 395.41486pt>
File: ./Image/trainparameters.pdf Graphic file (type pdf)

<use ./Image/trainparameters.pdf>
Package pdftex.def Info: ./Image/trainparameters.pdf used on input line 1201.
(pdftex.def)             Requested size: 276.00105pt x 213.6596pt.


LaTeX Warning: `h' float specifier changed to `ht'.


LaTeX Warning: `h' float specifier changed to `ht'.


LaTeX Warning: `h' float specifier changed to `ht'.


LaTeX Warning: `h' float specifier changed to `ht'.

[82

]

LaTeX Warning: `h' float specifier changed to `ht'.


LaTeX Warning: `h' float specifier changed to `ht'.


LaTeX Warning: `h' float specifier changed to `ht'.


LaTeX Warning: `h' float specifier changed to `ht'.


LaTeX Warning: `h' float specifier changed to `ht'.


LaTeX Warning: `h' float specifier changed to `ht'.

[83] [84 <./Image/trainparameters.pdf>] [85]
Appendix F.
(/usr/local/texlive/2014/texmf-dist/tex/latex/listings/lstlang1.sty
File: lstlang1.sty 2014/03/04 1.5c listings language file
)
(/usr/local/texlive/2014/texmf-dist/tex/latex/listings/lstlang2.sty
File: lstlang2.sty 2014/03/04 1.5c listings language file
)
(/usr/local/texlive/2014/texmf-dist/tex/latex/listings/lstlang3.sty
File: lstlang3.sty 2014/03/04 1.5c listings language file
)
LaTeX Font Info:    Try loading font information for OML+cmr on input line 1366
.

(/usr/local/texlive/2014/texmf-dist/tex/latex/base/omlcmr.fd
File: omlcmr.fd 1999/05/25 v2.5h Standard LaTeX font definitions
)
LaTeX Font Info:    Font shape `OML/cmr/m/n' in size <10> not available
(Font)              Font shape `OML/cmm/m/it' tried instead on input line 1366.

LaTeX Font Info:    Font shape `OML/cmr/bx/n' in size <10> not available
(Font)              Font shape `OML/cmm/b/it' tried instead on input line 1366.

LaTeX Font Info:    Try loading font information for OMS+cmr on input line 1368
.

(/usr/local/texlive/2014/texmf-dist/tex/latex/base/omscmr.fd
File: omscmr.fd 1999/05/25 v2.5h Standard LaTeX font definitions
)
LaTeX Font Info:    Font shape `OMS/cmr/m/n' in size <10> not available
(Font)              Font shape `OMS/cmsy/m/n' tried instead on input line 1368.


Overfull \hbox (3.00354pt too wide) in paragraph at lines 1377--1378
[][][][][][][][][][][][][][][][][][][][][][][][][][][][][][][][][][][][][][][][
][][][][][][][][][][][][] 
 []

[86

]
Appendix G.
Package hyperref Info: bookmark level for unknown lstlisting defaults to 0 on i
nput line 1392.
(./matlab/fog.m [87

] [88]) [89] (./matlab/Speedenvelop.m [90]) [91]
Appendix H.
Missing character: There is no  in font cmr10!
Missing character: There is no  in font cmr10!
Missing character: There is no  in font cmr10!
[92

]
Overfull \hbox (28.36064pt too wide) in paragraph at lines 1428--1429
\OT1/cmr/m/n/10 also called Re-giorun-ner was par-tially re-built from train-se
ts DD-IRM (Dubbeldeks
 []

Missing character: There is no  in font cmr10!
Missing character: There is no  in font cmr10!
Missing character: There is no  in font cmr10!
[93]) [94] (./main.bbl
Missing character: There is no  in font cmr10!
Missing character: There is no  in font cmr10!
Missing character: There is no  in font cmr10!
) [95


]
Package atveryend Info: Empty hook `BeforeClearDocument' on input line 175.
Package atveryend Info: Empty hook `AfterLastShipout' on input line 175.
 (./main.aux (./titlepage.aux) (./introduction.aux) (./c1.aux) (./c2.aux) (./c3
.aux) (./c4.aux) (./c5.aux) (./c6.aux) (./c7.aux)
(./thirdSegment.aux))
Package atveryend Info: Executing hook `AtVeryEndDocument' on input line 175.
Package atveryend Info: Executing hook `AtEndAfterFileList' on input line 175.
Package rerunfilecheck Info: File `main.out' has not changed.
(rerunfilecheck)             Checksum: 0E174A7BDE36877B53D17F7BE8D0A37D;5772.


LaTeX Font Warning: Size substitutions with differences
(Font)              up to 1.50002pt have occurred.


LaTeX Warning: Label(s) may have changed. Rerun to get cross-references right.

Package atveryend Info: Empty hook `AtVeryVeryEnd' on input line 175.
 ) 
Here is how much of TeX's memory you used:
 38361 strings out of 493117
 900238 string characters out of 6135433
 1581623 words of memory out of 5000000
 40597 multiletter control sequences out of 15000+600000
 14005 words of font info for 50 fonts, out of 8000000 for 9000
 1141 hyphenation exceptions out of 8191
 62i,20n,102p,37426b,2225s stack positions out of 5000i,500n,10000p,200000b,80000s
{/usr/local/texlive/2014/texmf-dist/fonts/enc/dvips/cm-super/cm-super-ts1.enc
}</usr/local/texlive/2014/texmf-dist/fonts/type1/public/amsfonts/cm/cmbx10.pfb>
</usr/local/texlive/2014/texmf-dist/fonts/type1/public/amsfonts/cm/cmbx12.pfb><
/usr/local/texlive/2014/texmf-dist/fonts/type1/public/amsfonts/cm/cmbxti10.pfb>
</usr/local/texlive/2014/texmf-dist/fonts/type1/public/amsfonts/cm/cmex10.pfb><
/usr/local/texlive/2014/texmf-dist/fonts/type1/public/amsfonts/cm/cmmi10.pfb></
usr/local/texlive/2014/texmf-dist/fonts/type1/public/amsfonts/cm/cmmi12.pfb></u
sr/local/texlive/2014/texmf-dist/fonts/type1/public/amsfonts/cm/cmmi5.pfb></usr
/local/texlive/2014/texmf-dist/fonts/type1/public/amsfonts/cm/cmmi6.pfb></usr/l
ocal/texlive/2014/texmf-dist/fonts/type1/public/amsfonts/cm/cmmi7.pfb></usr/loc
al/texlive/2014/texmf-dist/fonts/type1/public/amsfonts/cm/cmmi9.pfb></usr/local
/texlive/2014/texmf-dist/fonts/type1/public/amsfonts/cm/cmmib10.pfb></usr/local
/texlive/2014/texmf-dist/fonts/type1/public/amsfonts/cm/cmr10.pfb></usr/local/t
exlive/2014/texmf-dist/fonts/type1/public/amsfonts/cm/cmr5.pfb></usr/local/texl
ive/2014/texmf-dist/fonts/type1/public/amsfonts/cm/cmr6.pfb></usr/local/texlive
/2014/texmf-dist/fonts/type1/public/amsfonts/cm/cmr7.pfb></usr/local/texlive/20
14/texmf-dist/fonts/type1/public/amsfonts/cm/cmr8.pfb></usr/local/texlive/2014/
texmf-dist/fonts/type1/public/amsfonts/cm/cmr9.pfb></usr/local/texlive/2014/tex
mf-dist/fonts/type1/public/amsfonts/cm/cmsy10.pfb></usr/local/texlive/2014/texm
f-dist/fonts/type1/public/amsfonts/cm/cmsy7.pfb></usr/local/texlive/2014/texmf-
dist/fonts/type1/public/amsfonts/cm/cmti10.pfb></usr/local/texlive/2014/texmf-d
ist/fonts/type1/public/amsfonts/cm/cmti9.pfb></usr/local/texlive/2014/texmf-dis
t/fonts/type1/public/amsfonts/cm/cmtt10.pfb></usr/local/texlive/2014/texmf-dist
/fonts/type1/public/cm-super/sfbx1000.pfb></usr/local/texlive/2014/texmf-dist/f
onts/type1/public/cm-super/sfrm1000.pfb>
Output written on main.pdf (97 pages, 10300815 bytes).
PDF statistics:
 2753 PDF objects out of 2984 (max. 8388607)
 2269 compressed objects within 23 object streams
 550 named destinations out of 1000 (max. 500000)
 808 words of extra memory for PDF output out of 10000 (max. 10000000)

